{"numFailedTestSuites":1,"numFailedTests":10,"numPassedTestSuites":3,"numPassedTests":34,"numPendingTestSuites":0,"numPendingTests":0,"numRuntimeErrorTestSuites":0,"numTodoTests":0,"numTotalTestSuites":4,"numTotalTests":44,"openHandles":[],"snapshot":{"added":0,"didUpdate":false,"failure":false,"filesAdded":0,"filesRemoved":0,"filesRemovedList":[],"filesUnmatched":0,"filesUpdated":0,"matched":0,"total":0,"unchecked":0,"uncheckedKeysByFile":[],"unmatched":0,"updated":0},"startTime":1755469947636,"success":false,"testResults":[{"assertionResults":[{"ancestorTitles":["Work Item Operations - Evidence Tests","T009 Evidence: Create Work Item Functionality"],"duration":17,"failureDetails":[],"failureMessages":[],"fullName":"Work Item Operations - Evidence Tests T009 Evidence: Create Work Item Functionality EVIDENCE: New work items are created with all required fields and proper validation","invocations":1,"location":null,"numPassingAsserts":5,"retryReasons":[],"status":"passed","title":"EVIDENCE: New work items are created with all required fields and proper validation"},{"ancestorTitles":["Work Item Operations - Evidence Tests","T009 Evidence: Create Work Item Functionality"],"duration":2,"failureDetails":[],"failureMessages":[],"fullName":"Work Item Operations - Evidence Tests T009 Evidence: Create Work Item Functionality EVIDENCE: Required field validation prevents invalid work item creation","invocations":1,"location":null,"numPassingAsserts":6,"retryReasons":[],"status":"passed","title":"EVIDENCE: Required field validation prevents invalid work item creation"},{"ancestorTitles":["Work Item Operations - Evidence Tests","T009 Evidence: Create Work Item Functionality"],"duration":1,"failureDetails":[],"failureMessages":[],"fullName":"Work Item Operations - Evidence Tests T009 Evidence: Create Work Item Functionality EVIDENCE: Work item types are validated against project configuration","invocations":1,"location":null,"numPassingAsserts":5,"retryReasons":[],"status":"passed","title":"EVIDENCE: Work item types are validated against project configuration"},{"ancestorTitles":["Work Item Operations - Evidence Tests","T010 Evidence: Read Work Item Operations"],"duration":2,"failureDetails":[],"failureMessages":[],"fullName":"Work Item Operations - Evidence Tests T010 Evidence: Read Work Item Operations EVIDENCE: Work items are retrieved with complete field data and relationships","invocations":1,"location":null,"numPassingAsserts":7,"retryReasons":[],"status":"passed","title":"EVIDENCE: Work items are retrieved with complete field data and relationships"},{"ancestorTitles":["Work Item Operations - Evidence Tests","T010 Evidence: Read Work Item Operations"],"duration":1,"failureDetails":[],"failureMessages":[],"fullName":"Work Item Operations - Evidence Tests T010 Evidence: Read Work Item Operations EVIDENCE: Non-existent work items return appropriate not found response","invocations":1,"location":null,"numPassingAsserts":5,"retryReasons":[],"status":"passed","title":"EVIDENCE: Non-existent work items return appropriate not found response"},{"ancestorTitles":["Work Item Operations - Evidence Tests","T010 Evidence: Read Work Item Operations"],"duration":1,"failureDetails":[],"failureMessages":[],"fullName":"Work Item Operations - Evidence Tests T010 Evidence: Read Work Item Operations EVIDENCE: Bulk work item retrieval handles large datasets efficiently","invocations":1,"location":null,"numPassingAsserts":4,"retryReasons":[],"status":"passed","title":"EVIDENCE: Bulk work item retrieval handles large datasets efficiently"},{"ancestorTitles":["Work Item Operations - Evidence Tests","T011 Evidence: Update Work Item Logic"],"duration":2,"failureDetails":[],"failureMessages":[],"fullName":"Work Item Operations - Evidence Tests T011 Evidence: Update Work Item Logic EVIDENCE: Work item fields are updated with proper change tracking and validation","invocations":1,"location":null,"numPassingAsserts":6,"retryReasons":[],"status":"passed","title":"EVIDENCE: Work item fields are updated with proper change tracking and validation"},{"ancestorTitles":["Work Item Operations - Evidence Tests","T011 Evidence: Update Work Item Logic"],"duration":0,"failureDetails":[],"failureMessages":[],"fullName":"Work Item Operations - Evidence Tests T011 Evidence: Update Work Item Logic EVIDENCE: Field value validation prevents invalid updates","invocations":1,"location":null,"numPassingAsserts":5,"retryReasons":[],"status":"passed","title":"EVIDENCE: Field value validation prevents invalid updates"},{"ancestorTitles":["Work Item Operations - Evidence Tests","T011 Evidence: Update Work Item Logic"],"duration":2,"failureDetails":[],"failureMessages":[],"fullName":"Work Item Operations - Evidence Tests T011 Evidence: Update Work Item Logic EVIDENCE: Concurrent update conflicts are detected and handled","invocations":1,"location":null,"numPassingAsserts":5,"retryReasons":[],"status":"passed","title":"EVIDENCE: Concurrent update conflicts are detected and handled"},{"ancestorTitles":["Work Item Operations - Evidence Tests","T012 Evidence: CRUD Testing Validation"],"duration":1,"failureDetails":[],"failureMessages":[],"fullName":"Work Item Operations - Evidence Tests T012 Evidence: CRUD Testing Validation EVIDENCE: Complete CRUD workflow maintains data consistency and reliability","invocations":1,"location":null,"numPassingAsserts":9,"retryReasons":[],"status":"passed","title":"EVIDENCE: Complete CRUD workflow maintains data consistency and reliability"},{"ancestorTitles":["Work Item Operations - Evidence Tests","T012 Evidence: CRUD Testing Validation"],"duration":2,"failureDetails":[],"failureMessages":[],"fullName":"Work Item Operations - Evidence Tests T012 Evidence: CRUD Testing Validation EVIDENCE: Error scenarios are handled consistently across all CRUD operations","invocations":1,"location":null,"numPassingAsserts":24,"retryReasons":[],"status":"passed","title":"EVIDENCE: Error scenarios are handled consistently across all CRUD operations"},{"ancestorTitles":["Work Item Operations - Evidence Tests","T012 Evidence: CRUD Testing Validation"],"duration":2,"failureDetails":[],"failureMessages":[],"fullName":"Work Item Operations - Evidence Tests T012 Evidence: CRUD Testing Validation EVIDENCE: Performance metrics are collected for all CRUD operations","invocations":1,"location":null,"numPassingAsserts":18,"retryReasons":[],"status":"passed","title":"EVIDENCE: Performance metrics are collected for all CRUD operations"}],"endTime":1755469949285,"message":"","name":"/opt/1020-Event-on-land-tool/tests/evidence/work-item.evidence.test.ts","startTime":1755469948168,"status":"passed","summary":""},{"assertionResults":[{"ancestorTitles":["API Client - Evidence Tests","T005 Evidence: HTTP Client with Azure DevOps Integration"],"duration":8,"failureDetails":[{}],"failureMessages":["TypeError: Cannot read properties of undefined (reading 'interceptors')\n    at ApiClient.interceptors [as setupInterceptors] (/opt/1020-Event-on-land-tool/src/client/ApiClient.ts:190:21)\n    at new setupInterceptors (/opt/1020-Event-on-land-tool/src/client/ApiClient.ts:72:10)\n    at Object.<anonymous> (/opt/1020-Event-on-land-tool/tests/evidence/api-client.evidence.test.ts:53:17)\n    at processTicksAndRejections (node:internal/process/task_queues:105:5)"],"fullName":"API Client - Evidence Tests T005 Evidence: HTTP Client with Azure DevOps Integration EVIDENCE: HTTP client makes authenticated requests to Azure DevOps API","invocations":1,"location":null,"numPassingAsserts":0,"retryReasons":[],"status":"failed","title":"EVIDENCE: HTTP client makes authenticated requests to Azure DevOps API"},{"ancestorTitles":["API Client - Evidence Tests","T005 Evidence: HTTP Client with Azure DevOps Integration"],"duration":0,"failureDetails":[{}],"failureMessages":["TypeError: Cannot read properties of undefined (reading 'interceptors')\n    at ApiClient.interceptors [as setupInterceptors] (/opt/1020-Event-on-land-tool/src/client/ApiClient.ts:190:21)\n    at new setupInterceptors (/opt/1020-Event-on-land-tool/src/client/ApiClient.ts:72:10)\n    at Object.<anonymous> (/opt/1020-Event-on-land-tool/tests/evidence/api-client.evidence.test.ts:53:17)\n    at processTicksAndRejections (node:internal/process/task_queues:105:5)"],"fullName":"API Client - Evidence Tests T005 Evidence: HTTP Client with Azure DevOps Integration EVIDENCE: Base URL and headers are correctly configured for Azure DevOps","invocations":1,"location":null,"numPassingAsserts":0,"retryReasons":[],"status":"failed","title":"EVIDENCE: Base URL and headers are correctly configured for Azure DevOps"},{"ancestorTitles":["API Client - Evidence Tests","T006 Evidence: Rate Limiting with Token Bucket Algorithm"],"duration":1,"failureDetails":[{}],"failureMessages":["TypeError: Cannot read properties of undefined (reading 'interceptors')\n    at ApiClient.interceptors [as setupInterceptors] (/opt/1020-Event-on-land-tool/src/client/ApiClient.ts:190:21)\n    at new setupInterceptors (/opt/1020-Event-on-land-tool/src/client/ApiClient.ts:72:10)\n    at Object.<anonymous> (/opt/1020-Event-on-land-tool/tests/evidence/api-client.evidence.test.ts:53:17)\n    at processTicksAndRejections (node:internal/process/task_queues:105:5)"],"fullName":"API Client - Evidence Tests T006 Evidence: Rate Limiting with Token Bucket Algorithm EVIDENCE: Rate limiting prevents API abuse and respects limits","invocations":1,"location":null,"numPassingAsserts":0,"retryReasons":[],"status":"failed","title":"EVIDENCE: Rate limiting prevents API abuse and respects limits"},{"ancestorTitles":["API Client - Evidence Tests","T006 Evidence: Rate Limiting with Token Bucket Algorithm"],"duration":0,"failureDetails":[{}],"failureMessages":["TypeError: Cannot read properties of undefined (reading 'interceptors')\n    at ApiClient.interceptors [as setupInterceptors] (/opt/1020-Event-on-land-tool/src/client/ApiClient.ts:190:21)\n    at new setupInterceptors (/opt/1020-Event-on-land-tool/src/client/ApiClient.ts:72:10)\n    at Object.<anonymous> (/opt/1020-Event-on-land-tool/tests/evidence/api-client.evidence.test.ts:53:17)\n    at processTicksAndRejections (node:internal/process/task_queues:105:5)"],"fullName":"API Client - Evidence Tests T006 Evidence: Rate Limiting with Token Bucket Algorithm EVIDENCE: Rate limit information is tracked and exposed","invocations":1,"location":null,"numPassingAsserts":0,"retryReasons":[],"status":"failed","title":"EVIDENCE: Rate limit information is tracked and exposed"},{"ancestorTitles":["API Client - Evidence Tests","T007 Evidence: Error Handling and Retry Logic"],"duration":0,"failureDetails":[{}],"failureMessages":["TypeError: Cannot read properties of undefined (reading 'interceptors')\n    at ApiClient.interceptors [as setupInterceptors] (/opt/1020-Event-on-land-tool/src/client/ApiClient.ts:190:21)\n    at new setupInterceptors (/opt/1020-Event-on-land-tool/src/client/ApiClient.ts:72:10)\n    at Object.<anonymous> (/opt/1020-Event-on-land-tool/tests/evidence/api-client.evidence.test.ts:53:17)\n    at processTicksAndRejections (node:internal/process/task_queues:105:5)"],"fullName":"API Client - Evidence Tests T007 Evidence: Error Handling and Retry Logic EVIDENCE: Network errors trigger retry with exponential backoff","invocations":1,"location":null,"numPassingAsserts":0,"retryReasons":[],"status":"failed","title":"EVIDENCE: Network errors trigger retry with exponential backoff"},{"ancestorTitles":["API Client - Evidence Tests","T007 Evidence: Error Handling and Retry Logic"],"duration":1,"failureDetails":[{}],"failureMessages":["TypeError: Cannot read properties of undefined (reading 'interceptors')\n    at ApiClient.interceptors [as setupInterceptors] (/opt/1020-Event-on-land-tool/src/client/ApiClient.ts:190:21)\n    at new setupInterceptors (/opt/1020-Event-on-land-tool/src/client/ApiClient.ts:72:10)\n    at Object.<anonymous> (/opt/1020-Event-on-land-tool/tests/evidence/api-client.evidence.test.ts:53:17)\n    at processTicksAndRejections (node:internal/process/task_queues:105:5)"],"fullName":"API Client - Evidence Tests T007 Evidence: Error Handling and Retry Logic EVIDENCE: HTTP 429 (rate limit) responses are handled gracefully","invocations":1,"location":null,"numPassingAsserts":0,"retryReasons":[],"status":"failed","title":"EVIDENCE: HTTP 429 (rate limit) responses are handled gracefully"},{"ancestorTitles":["API Client - Evidence Tests","T007 Evidence: Error Handling and Retry Logic"],"duration":0,"failureDetails":[{}],"failureMessages":["TypeError: Cannot read properties of undefined (reading 'interceptors')\n    at ApiClient.interceptors [as setupInterceptors] (/opt/1020-Event-on-land-tool/src/client/ApiClient.ts:190:21)\n    at new setupInterceptors (/opt/1020-Event-on-land-tool/src/client/ApiClient.ts:72:10)\n    at Object.<anonymous> (/opt/1020-Event-on-land-tool/tests/evidence/api-client.evidence.test.ts:53:17)\n    at processTicksAndRejections (node:internal/process/task_queues:105:5)"],"fullName":"API Client - Evidence Tests T007 Evidence: Error Handling and Retry Logic EVIDENCE: Server errors (5xx) are retried but client errors (4xx) are not","invocations":1,"location":null,"numPassingAsserts":0,"retryReasons":[],"status":"failed","title":"EVIDENCE: Server errors (5xx) are retried but client errors (4xx) are not"},{"ancestorTitles":["API Client - Evidence Tests","T008 Evidence: Connectivity Monitoring"],"duration":0,"failureDetails":[{}],"failureMessages":["TypeError: Cannot read properties of undefined (reading 'interceptors')\n    at ApiClient.interceptors [as setupInterceptors] (/opt/1020-Event-on-land-tool/src/client/ApiClient.ts:190:21)\n    at new setupInterceptors (/opt/1020-Event-on-land-tool/src/client/ApiClient.ts:72:10)\n    at Object.<anonymous> (/opt/1020-Event-on-land-tool/tests/evidence/api-client.evidence.test.ts:53:17)\n    at processTicksAndRejections (node:internal/process/task_queues:105:5)"],"fullName":"API Client - Evidence Tests T008 Evidence: Connectivity Monitoring EVIDENCE: Connection health is monitored and reported","invocations":1,"location":null,"numPassingAsserts":0,"retryReasons":[],"status":"failed","title":"EVIDENCE: Connection health is monitored and reported"},{"ancestorTitles":["API Client - Evidence Tests","T008 Evidence: Connectivity Monitoring"],"duration":1,"failureDetails":[{}],"failureMessages":["TypeError: Cannot read properties of undefined (reading 'interceptors')\n    at ApiClient.interceptors [as setupInterceptors] (/opt/1020-Event-on-land-tool/src/client/ApiClient.ts:190:21)\n    at new setupInterceptors (/opt/1020-Event-on-land-tool/src/client/ApiClient.ts:72:10)\n    at Object.<anonymous> (/opt/1020-Event-on-land-tool/tests/evidence/api-client.evidence.test.ts:53:17)\n    at processTicksAndRejections (node:internal/process/task_queues:105:5)"],"fullName":"API Client - Evidence Tests T008 Evidence: Connectivity Monitoring EVIDENCE: Performance metrics are collected and retrievable","invocations":1,"location":null,"numPassingAsserts":0,"retryReasons":[],"status":"failed","title":"EVIDENCE: Performance metrics are collected and retrievable"},{"ancestorTitles":["API Client - Evidence Tests","T008 Evidence: Connectivity Monitoring"],"duration":0,"failureDetails":[{}],"failureMessages":["TypeError: Cannot read properties of undefined (reading 'interceptors')\n    at ApiClient.interceptors [as setupInterceptors] (/opt/1020-Event-on-land-tool/src/client/ApiClient.ts:190:21)\n    at new setupInterceptors (/opt/1020-Event-on-land-tool/src/client/ApiClient.ts:72:10)\n    at Object.<anonymous> (/opt/1020-Event-on-land-tool/tests/evidence/api-client.evidence.test.ts:53:17)\n    at processTicksAndRejections (node:internal/process/task_queues:105:5)"],"fullName":"API Client - Evidence Tests T008 Evidence: Connectivity Monitoring EVIDENCE: Circuit breaker prevents cascading failures","invocations":1,"location":null,"numPassingAsserts":0,"retryReasons":[],"status":"failed","title":"EVIDENCE: Circuit breaker prevents cascading failures"}],"endTime":1755469949314,"message":"  ● API Client - Evidence Tests › T005 Evidence: HTTP Client with Azure DevOps Integration › EVIDENCE: HTTP client makes authenticated requests to Azure DevOps API\n\n    TypeError: Cannot read properties of undefined (reading 'interceptors')\n\n      188 |   private setupInterceptors(): void {\n      189 |     // Request interceptor for authentication\n    > 190 |     this.httpClient.interceptors.request.use(\n          |                     ^\n      191 |       (config) => {\n      192 |         if (this.authService.isConfigured()) {\n      193 |           const authConfig = this.authService.getConfiguration();\n\n      at ApiClient.interceptors [as setupInterceptors] (src/client/ApiClient.ts:190:21)\n      at new setupInterceptors (src/client/ApiClient.ts:72:10)\n      at Object.<anonymous> (tests/evidence/api-client.evidence.test.ts:53:17)\n\n  ● API Client - Evidence Tests › T005 Evidence: HTTP Client with Azure DevOps Integration › EVIDENCE: Base URL and headers are correctly configured for Azure DevOps\n\n    TypeError: Cannot read properties of undefined (reading 'interceptors')\n\n      188 |   private setupInterceptors(): void {\n      189 |     // Request interceptor for authentication\n    > 190 |     this.httpClient.interceptors.request.use(\n          |                     ^\n      191 |       (config) => {\n      192 |         if (this.authService.isConfigured()) {\n      193 |           const authConfig = this.authService.getConfiguration();\n\n      at ApiClient.interceptors [as setupInterceptors] (src/client/ApiClient.ts:190:21)\n      at new setupInterceptors (src/client/ApiClient.ts:72:10)\n      at Object.<anonymous> (tests/evidence/api-client.evidence.test.ts:53:17)\n\n  ● API Client - Evidence Tests › T006 Evidence: Rate Limiting with Token Bucket Algorithm › EVIDENCE: Rate limiting prevents API abuse and respects limits\n\n    TypeError: Cannot read properties of undefined (reading 'interceptors')\n\n      188 |   private setupInterceptors(): void {\n      189 |     // Request interceptor for authentication\n    > 190 |     this.httpClient.interceptors.request.use(\n          |                     ^\n      191 |       (config) => {\n      192 |         if (this.authService.isConfigured()) {\n      193 |           const authConfig = this.authService.getConfiguration();\n\n      at ApiClient.interceptors [as setupInterceptors] (src/client/ApiClient.ts:190:21)\n      at new setupInterceptors (src/client/ApiClient.ts:72:10)\n      at Object.<anonymous> (tests/evidence/api-client.evidence.test.ts:53:17)\n\n  ● API Client - Evidence Tests › T006 Evidence: Rate Limiting with Token Bucket Algorithm › EVIDENCE: Rate limit information is tracked and exposed\n\n    TypeError: Cannot read properties of undefined (reading 'interceptors')\n\n      188 |   private setupInterceptors(): void {\n      189 |     // Request interceptor for authentication\n    > 190 |     this.httpClient.interceptors.request.use(\n          |                     ^\n      191 |       (config) => {\n      192 |         if (this.authService.isConfigured()) {\n      193 |           const authConfig = this.authService.getConfiguration();\n\n      at ApiClient.interceptors [as setupInterceptors] (src/client/ApiClient.ts:190:21)\n      at new setupInterceptors (src/client/ApiClient.ts:72:10)\n      at Object.<anonymous> (tests/evidence/api-client.evidence.test.ts:53:17)\n\n  ● API Client - Evidence Tests › T007 Evidence: Error Handling and Retry Logic › EVIDENCE: Network errors trigger retry with exponential backoff\n\n    TypeError: Cannot read properties of undefined (reading 'interceptors')\n\n      188 |   private setupInterceptors(): void {\n      189 |     // Request interceptor for authentication\n    > 190 |     this.httpClient.interceptors.request.use(\n          |                     ^\n      191 |       (config) => {\n      192 |         if (this.authService.isConfigured()) {\n      193 |           const authConfig = this.authService.getConfiguration();\n\n      at ApiClient.interceptors [as setupInterceptors] (src/client/ApiClient.ts:190:21)\n      at new setupInterceptors (src/client/ApiClient.ts:72:10)\n      at Object.<anonymous> (tests/evidence/api-client.evidence.test.ts:53:17)\n\n  ● API Client - Evidence Tests › T007 Evidence: Error Handling and Retry Logic › EVIDENCE: HTTP 429 (rate limit) responses are handled gracefully\n\n    TypeError: Cannot read properties of undefined (reading 'interceptors')\n\n      188 |   private setupInterceptors(): void {\n      189 |     // Request interceptor for authentication\n    > 190 |     this.httpClient.interceptors.request.use(\n          |                     ^\n      191 |       (config) => {\n      192 |         if (this.authService.isConfigured()) {\n      193 |           const authConfig = this.authService.getConfiguration();\n\n      at ApiClient.interceptors [as setupInterceptors] (src/client/ApiClient.ts:190:21)\n      at new setupInterceptors (src/client/ApiClient.ts:72:10)\n      at Object.<anonymous> (tests/evidence/api-client.evidence.test.ts:53:17)\n\n  ● API Client - Evidence Tests › T007 Evidence: Error Handling and Retry Logic › EVIDENCE: Server errors (5xx) are retried but client errors (4xx) are not\n\n    TypeError: Cannot read properties of undefined (reading 'interceptors')\n\n      188 |   private setupInterceptors(): void {\n      189 |     // Request interceptor for authentication\n    > 190 |     this.httpClient.interceptors.request.use(\n          |                     ^\n      191 |       (config) => {\n      192 |         if (this.authService.isConfigured()) {\n      193 |           const authConfig = this.authService.getConfiguration();\n\n      at ApiClient.interceptors [as setupInterceptors] (src/client/ApiClient.ts:190:21)\n      at new setupInterceptors (src/client/ApiClient.ts:72:10)\n      at Object.<anonymous> (tests/evidence/api-client.evidence.test.ts:53:17)\n\n  ● API Client - Evidence Tests › T008 Evidence: Connectivity Monitoring › EVIDENCE: Connection health is monitored and reported\n\n    TypeError: Cannot read properties of undefined (reading 'interceptors')\n\n      188 |   private setupInterceptors(): void {\n      189 |     // Request interceptor for authentication\n    > 190 |     this.httpClient.interceptors.request.use(\n          |                     ^\n      191 |       (config) => {\n      192 |         if (this.authService.isConfigured()) {\n      193 |           const authConfig = this.authService.getConfiguration();\n\n      at ApiClient.interceptors [as setupInterceptors] (src/client/ApiClient.ts:190:21)\n      at new setupInterceptors (src/client/ApiClient.ts:72:10)\n      at Object.<anonymous> (tests/evidence/api-client.evidence.test.ts:53:17)\n\n  ● API Client - Evidence Tests › T008 Evidence: Connectivity Monitoring › EVIDENCE: Performance metrics are collected and retrievable\n\n    TypeError: Cannot read properties of undefined (reading 'interceptors')\n\n      188 |   private setupInterceptors(): void {\n      189 |     // Request interceptor for authentication\n    > 190 |     this.httpClient.interceptors.request.use(\n          |                     ^\n      191 |       (config) => {\n      192 |         if (this.authService.isConfigured()) {\n      193 |           const authConfig = this.authService.getConfiguration();\n\n      at ApiClient.interceptors [as setupInterceptors] (src/client/ApiClient.ts:190:21)\n      at new setupInterceptors (src/client/ApiClient.ts:72:10)\n      at Object.<anonymous> (tests/evidence/api-client.evidence.test.ts:53:17)\n\n  ● API Client - Evidence Tests › T008 Evidence: Connectivity Monitoring › EVIDENCE: Circuit breaker prevents cascading failures\n\n    TypeError: Cannot read properties of undefined (reading 'interceptors')\n\n      188 |   private setupInterceptors(): void {\n      189 |     // Request interceptor for authentication\n    > 190 |     this.httpClient.interceptors.request.use(\n          |                     ^\n      191 |       (config) => {\n      192 |         if (this.authService.isConfigured()) {\n      193 |           const authConfig = this.authService.getConfiguration();\n\n      at ApiClient.interceptors [as setupInterceptors] (src/client/ApiClient.ts:190:21)\n      at new setupInterceptors (src/client/ApiClient.ts:72:10)\n      at Object.<anonymous> (tests/evidence/api-client.evidence.test.ts:53:17)\n","name":"/opt/1020-Event-on-land-tool/tests/evidence/api-client.evidence.test.ts","startTime":1755469948168,"status":"failed","summary":""},{"assertionResults":[{"ancestorTitles":["Error Handling Foundation - Evidence Tests","T013 Evidence: Error Categorization System"],"duration":20,"failureDetails":[],"failureMessages":[],"fullName":"Error Handling Foundation - Evidence Tests T013 Evidence: Error Categorization System EVIDENCE: Errors are properly categorized with appropriate severity levels","invocations":1,"location":null,"numPassingAsserts":15,"retryReasons":[],"status":"passed","title":"EVIDENCE: Errors are properly categorized with appropriate severity levels"},{"ancestorTitles":["Error Handling Foundation - Evidence Tests","T013 Evidence: Error Categorization System"],"duration":4,"failureDetails":[],"failureMessages":[],"fullName":"Error Handling Foundation - Evidence Tests T013 Evidence: Error Categorization System EVIDENCE: Error codes are generated consistently for the same error types","invocations":1,"location":null,"numPassingAsserts":4,"retryReasons":[],"status":"passed","title":"EVIDENCE: Error codes are generated consistently for the same error types"},{"ancestorTitles":["Error Handling Foundation - Evidence Tests","T013 Evidence: Error Categorization System"],"duration":2,"failureDetails":[],"failureMessages":[],"fullName":"Error Handling Foundation - Evidence Tests T013 Evidence: Error Categorization System EVIDENCE: Critical errors are properly flagged for immediate attention","invocations":1,"location":null,"numPassingAsserts":2,"retryReasons":[],"status":"passed","title":"EVIDENCE: Critical errors are properly flagged for immediate attention"},{"ancestorTitles":["Error Handling Foundation - Evidence Tests","T014 Evidence: User-Friendly Message Generation"],"duration":1,"failureDetails":[],"failureMessages":[],"fullName":"Error Handling Foundation - Evidence Tests T014 Evidence: User-Friendly Message Generation EVIDENCE: Technical errors are converted to user-friendly messages","invocations":1,"location":null,"numPassingAsserts":9,"retryReasons":[],"status":"passed","title":"EVIDENCE: Technical errors are converted to user-friendly messages"},{"ancestorTitles":["Error Handling Foundation - Evidence Tests","T014 Evidence: User-Friendly Message Generation"],"duration":0,"failureDetails":[],"failureMessages":[],"fullName":"Error Handling Foundation - Evidence Tests T014 Evidence: User-Friendly Message Generation EVIDENCE: Error messages include helpful recovery suggestions","invocations":1,"location":null,"numPassingAsserts":3,"retryReasons":[],"status":"passed","title":"EVIDENCE: Error messages include helpful recovery suggestions"},{"ancestorTitles":["Error Handling Foundation - Evidence Tests","T014 Evidence: User-Friendly Message Generation"],"duration":1,"failureDetails":[],"failureMessages":[],"fullName":"Error Handling Foundation - Evidence Tests T014 Evidence: User-Friendly Message Generation EVIDENCE: Error messages are contextually appropriate for different user types","invocations":1,"location":null,"numPassingAsserts":4,"retryReasons":[],"status":"passed","title":"EVIDENCE: Error messages are contextually appropriate for different user types"},{"ancestorTitles":["Error Handling Foundation - Evidence Tests","T015 Evidence: Logging Infrastructure"],"duration":2,"failureDetails":[],"failureMessages":[],"fullName":"Error Handling Foundation - Evidence Tests T015 Evidence: Logging Infrastructure EVIDENCE: Error logs contain all necessary debugging information","invocations":1,"location":null,"numPassingAsserts":6,"retryReasons":[],"status":"passed","title":"EVIDENCE: Error logs contain all necessary debugging information"},{"ancestorTitles":["Error Handling Foundation - Evidence Tests","T015 Evidence: Logging Infrastructure"],"duration":1,"failureDetails":[],"failureMessages":[],"fullName":"Error Handling Foundation - Evidence Tests T015 Evidence: Logging Infrastructure EVIDENCE: Sensitive information is never logged","invocations":1,"location":null,"numPassingAsserts":3,"retryReasons":[],"status":"passed","title":"EVIDENCE: Sensitive information is never logged"},{"ancestorTitles":["Error Handling Foundation - Evidence Tests","T015 Evidence: Logging Infrastructure"],"duration":1,"failureDetails":[],"failureMessages":[],"fullName":"Error Handling Foundation - Evidence Tests T015 Evidence: Logging Infrastructure EVIDENCE: Error patterns and trends are tracked for analysis","invocations":1,"location":null,"numPassingAsserts":6,"retryReasons":[],"status":"passed","title":"EVIDENCE: Error patterns and trends are tracked for analysis"},{"ancestorTitles":["Error Handling Foundation - Evidence Tests","T016 Evidence: Error Recovery Mechanisms"],"duration":301,"failureDetails":[],"failureMessages":[],"fullName":"Error Handling Foundation - Evidence Tests T016 Evidence: Error Recovery Mechanisms EVIDENCE: Automatic retry logic works for transient failures","invocations":1,"location":null,"numPassingAsserts":4,"retryReasons":[],"status":"passed","title":"EVIDENCE: Automatic retry logic works for transient failures"},{"ancestorTitles":["Error Handling Foundation - Evidence Tests","T016 Evidence: Error Recovery Mechanisms"],"duration":1,"failureDetails":[],"failureMessages":[],"fullName":"Error Handling Foundation - Evidence Tests T016 Evidence: Error Recovery Mechanisms EVIDENCE: Circuit breaker prevents cascading failures","invocations":1,"location":null,"numPassingAsserts":4,"retryReasons":[],"status":"passed","title":"EVIDENCE: Circuit breaker prevents cascading failures"},{"ancestorTitles":["Error Handling Foundation - Evidence Tests","T016 Evidence: Error Recovery Mechanisms"],"duration":0,"failureDetails":[],"failureMessages":[],"fullName":"Error Handling Foundation - Evidence Tests T016 Evidence: Error Recovery Mechanisms EVIDENCE: Graceful degradation maintains partial functionality","invocations":1,"location":null,"numPassingAsserts":4,"retryReasons":[],"status":"passed","title":"EVIDENCE: Graceful degradation maintains partial functionality"},{"ancestorTitles":["Error Handling Foundation - Evidence Tests","T016 Evidence: Error Recovery Mechanisms"],"duration":1,"failureDetails":[],"failureMessages":[],"fullName":"Error Handling Foundation - Evidence Tests T016 Evidence: Error Recovery Mechanisms EVIDENCE: Recovery state is persisted across application restarts","invocations":1,"location":null,"numPassingAsserts":3,"retryReasons":[],"status":"passed","title":"EVIDENCE: Recovery state is persisted across application restarts"},{"ancestorTitles":["Error Handling Foundation - Evidence Tests","T016 Evidence: Error Recovery Mechanisms"],"duration":201,"failureDetails":[],"failureMessages":[],"fullName":"Error Handling Foundation - Evidence Tests T016 Evidence: Error Recovery Mechanisms EVIDENCE: Error recovery metrics are collected for monitoring","invocations":1,"location":null,"numPassingAsserts":5,"retryReasons":[],"status":"passed","title":"EVIDENCE: Error recovery metrics are collected for monitoring"}],"endTime":1755469950034,"message":"","name":"/opt/1020-Event-on-land-tool/tests/evidence/error-handling.evidence.test.ts","startTime":1755469948188,"status":"passed","summary":""},{"assertionResults":[{"ancestorTitles":["Authentication Service - Evidence Tests","T001 Evidence: PAT Authentication Setup"],"duration":8,"failureDetails":[],"failureMessages":[],"fullName":"Authentication Service - Evidence Tests T001 Evidence: PAT Authentication Setup EVIDENCE: Valid PAT configuration is accepted and stored securely","invocations":1,"location":null,"numPassingAsserts":5,"retryReasons":[],"status":"passed","title":"EVIDENCE: Valid PAT configuration is accepted and stored securely"},{"ancestorTitles":["Authentication Service - Evidence Tests","T001 Evidence: PAT Authentication Setup"],"duration":2,"failureDetails":[],"failureMessages":[],"fullName":"Authentication Service - Evidence Tests T001 Evidence: PAT Authentication Setup EVIDENCE: Invalid PAT configuration is rejected with clear error","invocations":1,"location":null,"numPassingAsserts":4,"retryReasons":[],"status":"passed","title":"EVIDENCE: Invalid PAT configuration is rejected with clear error"},{"ancestorTitles":["Authentication Service - Evidence Tests","T002 Evidence: Configuration Manager"],"duration":1,"failureDetails":[],"failureMessages":[],"fullName":"Authentication Service - Evidence Tests T002 Evidence: Configuration Manager EVIDENCE: Environment variables override default configuration","invocations":1,"location":null,"numPassingAsserts":3,"retryReasons":[],"status":"passed","title":"EVIDENCE: Environment variables override default configuration"},{"ancestorTitles":["Authentication Service - Evidence Tests","T002 Evidence: Configuration Manager"],"duration":0,"failureDetails":[],"failureMessages":[],"fullName":"Authentication Service - Evidence Tests T002 Evidence: Configuration Manager EVIDENCE: Configuration validation catches missing required fields","invocations":1,"location":null,"numPassingAsserts":2,"retryReasons":[],"status":"passed","title":"EVIDENCE: Configuration validation catches missing required fields"},{"ancestorTitles":["Authentication Service - Evidence Tests","T003 Evidence: Auth Validation"],"duration":835,"failureDetails":[],"failureMessages":[],"fullName":"Authentication Service - Evidence Tests T003 Evidence: Auth Validation EVIDENCE: Authentication validates successfully against Azure DevOps","invocations":1,"location":null,"numPassingAsserts":4,"retryReasons":[],"status":"passed","title":"EVIDENCE: Authentication validates successfully against Azure DevOps"},{"ancestorTitles":["Authentication Service - Evidence Tests","T003 Evidence: Auth Validation"],"duration":965,"failureDetails":[],"failureMessages":[],"fullName":"Authentication Service - Evidence Tests T003 Evidence: Auth Validation EVIDENCE: Authentication validation fails gracefully with invalid credentials","invocations":1,"location":null,"numPassingAsserts":4,"retryReasons":[],"status":"passed","title":"EVIDENCE: Authentication validation fails gracefully with invalid credentials"},{"ancestorTitles":["Authentication Service - Evidence Tests","T004 Evidence: Security Testing"],"duration":144,"failureDetails":[],"failureMessages":[],"fullName":"Authentication Service - Evidence Tests T004 Evidence: Security Testing EVIDENCE: PAT tokens are never logged or exposed in error messages","invocations":1,"location":null,"numPassingAsserts":1,"retryReasons":[],"status":"passed","title":"EVIDENCE: PAT tokens are never logged or exposed in error messages"},{"ancestorTitles":["Authentication Service - Evidence Tests","T004 Evidence: Security Testing"],"duration":2,"failureDetails":[],"failureMessages":[],"fullName":"Authentication Service - Evidence Tests T004 Evidence: Security Testing EVIDENCE: Authentication state is properly isolated between instances","invocations":1,"location":null,"numPassingAsserts":9,"retryReasons":[],"status":"passed","title":"EVIDENCE: Authentication state is properly isolated between instances"}],"endTime":1755469951123,"message":"","name":"/opt/1020-Event-on-land-tool/tests/evidence/auth.evidence.test.ts","startTime":1755469948186,"status":"passed","summary":""}],"wasInterrupted":false,"coverageMap":{"/opt/1020-Event-on-land-tool/src/workitem/WorkItemService.ts":{"path":"/opt/1020-Event-on-land-tool/src/workitem/WorkItemService.ts","statementMap":{"0":{"start":{"line":11,"column":0},"end":{"line":11,"column":51}},"1":{"start":{"line":35,"column":10},"end":{"line":35,"column":56}},"2":{"start":{"line":36,"column":10},"end":{"line":44,"column":4}},"3":{"start":{"line":47,"column":4},"end":{"line":47,"column":31}},"4":{"start":{"line":51,"column":22},"end":{"line":51,"column":32}},"5":{"start":{"line":53,"column":4},"end":{"line":124,"column":5}},"6":{"start":{"line":55,"column":25},"end":{"line":55,"column":60}},"7":{"start":{"line":56,"column":6},"end":{"line":72,"column":7}},"8":{"start":{"line":57,"column":34},"end":{"line":68,"column":10}},"9":{"start":{"line":70,"column":8},"end":{"line":70,"column":54}},"10":{"start":{"line":71,"column":8},"end":{"line":71,"column":41}},"11":{"start":{"line":75,"column":25},"end":{"line":79,"column":9}},"12":{"start":{"line":75,"column":79},"end":{"line":79,"column":8}},"13":{"start":{"line":82,"column":6},"end":{"line":90,"column":7}},"14":{"start":{"line":83,"column":8},"end":{"line":89,"column":11}},"15":{"start":{"line":84,"column":10},"end":{"line":88,"column":13}},"16":{"start":{"line":93,"column":23},"end":{"line":98,"column":null}},"17":{"start":{"line":101,"column":23},"end":{"line":101,"column":45}},"18":{"start":{"line":102,"column":33},"end":{"line":106,"column":8}},"19":{"start":{"line":108,"column":6},"end":{"line":108,"column":80}},"20":{"start":{"line":109,"column":6},"end":{"line":113,"column":8}},"21":{"start":{"line":115,"column":23},"end":{"line":115,"column":45}},"22":{"start":{"line":116,"column":6},"end":{"line":116,"column":52}},"23":{"start":{"line":118,"column":25},"end":{"line":118,"column":74}},"24":{"start":{"line":119,"column":6},"end":{"line":123,"column":8}},"25":{"start":{"line":128,"column":22},"end":{"line":128,"column":32}},"26":{"start":{"line":130,"column":4},"end":{"line":162,"column":5}},"27":{"start":{"line":131,"column":23},"end":{"line":136,"column":null}},"28":{"start":{"line":139,"column":23},"end":{"line":139,"column":45}},"29":{"start":{"line":140,"column":33},"end":{"line":144,"column":8}},"30":{"start":{"line":146,"column":6},"end":{"line":146,"column":69}},"31":{"start":{"line":147,"column":6},"end":{"line":151,"column":8}},"32":{"start":{"line":153,"column":23},"end":{"line":153,"column":45}},"33":{"start":{"line":154,"column":6},"end":{"line":154,"column":70}},"34":{"start":{"line":156,"column":25},"end":{"line":156,"column":75}},"35":{"start":{"line":157,"column":6},"end":{"line":161,"column":8}},"36":{"start":{"line":166,"column":22},"end":{"line":166,"column":32}},"37":{"start":{"line":168,"column":4},"end":{"line":206,"column":5}},"38":{"start":{"line":169,"column":6},"end":{"line":172,"column":7}},"39":{"start":{"line":170,"column":8},"end":{"line":170,"column":56}},"40":{"start":{"line":171,"column":8},"end":{"line":171,"column":82}},"41":{"start":{"line":174,"column":23},"end":{"line":180,"column":null}},"42":{"start":{"line":183,"column":23},"end":{"line":183,"column":45}},"43":{"start":{"line":184,"column":36},"end":{"line":188,"column":9}},"44":{"start":{"line":184,"column":76},"end":{"line":188,"column":8}},"45":{"start":{"line":190,"column":6},"end":{"line":190,"column":87}},"46":{"start":{"line":191,"column":6},"end":{"line":195,"column":8}},"47":{"start":{"line":197,"column":23},"end":{"line":197,"column":45}},"48":{"start":{"line":198,"column":6},"end":{"line":198,"column":85}},"49":{"start":{"line":200,"column":25},"end":{"line":200,"column":72}},"50":{"start":{"line":201,"column":6},"end":{"line":205,"column":8}},"51":{"start":{"line":210,"column":22},"end":{"line":210,"column":32}},"52":{"start":{"line":212,"column":4},"end":{"line":266,"column":5}},"53":{"start":{"line":214,"column":25},"end":{"line":214,"column":60}},"54":{"start":{"line":215,"column":6},"end":{"line":232,"column":7}},"55":{"start":{"line":216,"column":34},"end":{"line":228,"column":10}},"56":{"start":{"line":230,"column":8},"end":{"line":230,"column":82}},"57":{"start":{"line":231,"column":8},"end":{"line":231,"column":41}},"58":{"start":{"line":235,"column":23},"end":{"line":240,"column":null}},"59":{"start":{"line":243,"column":23},"end":{"line":243,"column":45}},"60":{"start":{"line":244,"column":33},"end":{"line":248,"column":8}},"61":{"start":{"line":250,"column":6},"end":{"line":250,"column":79}},"62":{"start":{"line":251,"column":6},"end":{"line":255,"column":8}},"63":{"start":{"line":257,"column":23},"end":{"line":257,"column":45}},"64":{"start":{"line":258,"column":6},"end":{"line":258,"column":80}},"65":{"start":{"line":260,"column":25},"end":{"line":260,"column":86}},"66":{"start":{"line":261,"column":6},"end":{"line":265,"column":8}},"67":{"start":{"line":270,"column":22},"end":{"line":270,"column":32}},"68":{"start":{"line":272,"column":4},"end":{"line":297,"column":5}},"69":{"start":{"line":273,"column":6},"end":{"line":278,"column":8}},"70":{"start":{"line":280,"column":23},"end":{"line":280,"column":45}},"71":{"start":{"line":281,"column":6},"end":{"line":281,"column":71}},"72":{"start":{"line":283,"column":6},"end":{"line":286,"column":8}},"73":{"start":{"line":288,"column":23},"end":{"line":288,"column":45}},"74":{"start":{"line":289,"column":6},"end":{"line":289,"column":72}},"75":{"start":{"line":291,"column":25},"end":{"line":291,"column":78}},"76":{"start":{"line":292,"column":6},"end":{"line":296,"column":8}},"77":{"start":{"line":301,"column":4},"end":{"line":301,"column":40}},"78":{"start":{"line":306,"column":4},"end":{"line":312,"column":5}},"79":{"start":{"line":307,"column":6},"end":{"line":311,"column":8}},"80":{"start":{"line":315,"column":4},"end":{"line":321,"column":5}},"81":{"start":{"line":316,"column":6},"end":{"line":320,"column":8}},"82":{"start":{"line":324,"column":4},"end":{"line":330,"column":5}},"83":{"start":{"line":325,"column":6},"end":{"line":329,"column":8}},"84":{"start":{"line":332,"column":4},"end":{"line":332,"column":27}},"85":{"start":{"line":337,"column":4},"end":{"line":343,"column":5}},"86":{"start":{"line":338,"column":6},"end":{"line":342,"column":8}},"87":{"start":{"line":346,"column":4},"end":{"line":366,"column":5}},"88":{"start":{"line":347,"column":6},"end":{"line":353,"column":7}},"89":{"start":{"line":348,"column":8},"end":{"line":352,"column":10}},"90":{"start":{"line":356,"column":6},"end":{"line":365,"column":7}},"91":{"start":{"line":357,"column":28},"end":{"line":357,"column":101}},"92":{"start":{"line":358,"column":8},"end":{"line":364,"column":9}},"93":{"start":{"line":359,"column":10},"end":{"line":363,"column":12}},"94":{"start":{"line":368,"column":4},"end":{"line":368,"column":27}},"95":{"start":{"line":372,"column":20},"end":{"line":376,"column":6}},"96":{"start":{"line":378,"column":4},"end":{"line":426,"column":5}},"97":{"start":{"line":379,"column":21},"end":{"line":379,"column":42}},"98":{"start":{"line":381,"column":6},"end":{"line":391,"column":7}},"99":{"start":{"line":382,"column":8},"end":{"line":390,"column":10}},"100":{"start":{"line":393,"column":6},"end":{"line":403,"column":7}},"101":{"start":{"line":394,"column":8},"end":{"line":402,"column":10}},"102":{"start":{"line":405,"column":6},"end":{"line":415,"column":7}},"103":{"start":{"line":406,"column":8},"end":{"line":414,"column":10}},"104":{"start":{"line":417,"column":6},"end":{"line":425,"column":8}},"105":{"start":{"line":429,"column":4},"end":{"line":437,"column":6}},"106":{"start":{"line":441,"column":39},"end":{"line":447,"column":6}},"107":{"start":{"line":449,"column":4},"end":{"line":449,"column":41}},"108":{"start":{"line":452,"column":4},"end":{"line":454,"column":5}},"109":{"start":{"line":453,"column":6},"end":{"line":453,"column":68}},"110":{"start":{"line":459,"column":4},"end":{"line":459,"column":22}},"111":{"start":{"line":464,"column":4},"end":{"line":464,"column":26}},"112":{"start":{"line":33,"column":0},"end":{"line":33,"column":13}}},"fnMap":{"0":{"name":"(anonymous_0)","decl":{"start":{"line":46,"column":2},"end":{"line":46,"column":14}},"loc":{"start":{"line":46,"column":34},"end":{"line":48,"column":3}}},"1":{"name":"(anonymous_1)","decl":{"start":{"line":50,"column":9},"end":{"line":50,"column":14}},"loc":{"start":{"line":50,"column":60},"end":{"line":125,"column":3}}},"2":{"name":"(anonymous_2)","decl":{"start":{"line":75,"column":60},"end":{"line":75,"column":61}},"loc":{"start":{"line":75,"column":79},"end":{"line":79,"column":8}}},"3":{"name":"(anonymous_3)","decl":{"start":{"line":83,"column":34},"end":{"line":83,"column":35}},"loc":{"start":{"line":83,"column":54},"end":{"line":89,"column":9}}},"4":{"name":"(anonymous_4)","decl":{"start":{"line":127,"column":9},"end":{"line":127,"column":14}},"loc":{"start":{"line":127,"column":37},"end":{"line":163,"column":3}}},"5":{"name":"(anonymous_5)","decl":{"start":{"line":165,"column":9},"end":{"line":165,"column":14}},"loc":{"start":{"line":165,"column":41},"end":{"line":207,"column":3}}},"6":{"name":"(anonymous_6)","decl":{"start":{"line":184,"column":60},"end":{"line":184,"column":61}},"loc":{"start":{"line":184,"column":76},"end":{"line":188,"column":8}}},"7":{"name":"(anonymous_7)","decl":{"start":{"line":209,"column":9},"end":{"line":209,"column":14}},"loc":{"start":{"line":209,"column":60},"end":{"line":267,"column":3}}},"8":{"name":"(anonymous_8)","decl":{"start":{"line":269,"column":9},"end":{"line":269,"column":14}},"loc":{"start":{"line":269,"column":40},"end":{"line":298,"column":3}}},"9":{"name":"(anonymous_9)","decl":{"start":{"line":300,"column":9},"end":{"line":300,"column":30}},"loc":{"start":{"line":300,"column":30},"end":{"line":302,"column":3}}},"10":{"name":"(anonymous_10)","decl":{"start":{"line":304,"column":10},"end":{"line":304,"column":31}},"loc":{"start":{"line":304,"column":62},"end":{"line":333,"column":3}}},"11":{"name":"(anonymous_11)","decl":{"start":{"line":335,"column":10},"end":{"line":335,"column":31}},"loc":{"start":{"line":335,"column":62},"end":{"line":369,"column":3}}},"12":{"name":"(anonymous_12)","decl":{"start":{"line":371,"column":10},"end":{"line":371,"column":29}},"loc":{"start":{"line":371,"column":80},"end":{"line":438,"column":3}}},"13":{"name":"(anonymous_13)","decl":{"start":{"line":440,"column":10},"end":{"line":440,"column":22}},"loc":{"start":{"line":440,"column":109},"end":{"line":455,"column":3}}},"14":{"name":"(anonymous_14)","decl":{"start":{"line":457,"column":10},"end":{"line":457,"column":25}},"loc":{"start":{"line":457,"column":25},"end":{"line":460,"column":3}}},"15":{"name":"(anonymous_15)","decl":{"start":{"line":462,"column":10},"end":{"line":462,"column":20}},"loc":{"start":{"line":462,"column":20},"end":{"line":465,"column":3}}}},"branchMap":{"0":{"loc":{"start":{"line":56,"column":6},"end":{"line":72,"column":7}},"type":"if","locations":[{"start":{"line":56,"column":6},"end":{"line":72,"column":7}}]},"1":{"loc":{"start":{"line":58,"column":16},"end":{"line":58,"column":58}},"type":"binary-expr","locations":[{"start":{"line":58,"column":16},"end":{"line":58,"column":36}},{"start":{"line":58,"column":40},"end":{"line":58,"column":58}}]},"2":{"loc":{"start":{"line":59,"column":19},"end":{"line":59,"column":58}},"type":"binary-expr","locations":[{"start":{"line":59,"column":19},"end":{"line":59,"column":35}},{"start":{"line":59,"column":39},"end":{"line":59,"column":58}}]},"3":{"loc":{"start":{"line":66,"column":23},"end":{"line":66,"column":77}},"type":"binary-expr","locations":[{"start":{"line":66,"column":23},"end":{"line":66,"column":39}},{"start":{"line":66,"column":43},"end":{"line":66,"column":77}}]},"4":{"loc":{"start":{"line":82,"column":6},"end":{"line":90,"column":7}},"type":"if","locations":[{"start":{"line":82,"column":6},"end":{"line":90,"column":7}}]},"5":{"loc":{"start":{"line":169,"column":6},"end":{"line":172,"column":7}},"type":"if","locations":[{"start":{"line":169,"column":6},"end":{"line":172,"column":7}}]},"6":{"loc":{"start":{"line":215,"column":6},"end":{"line":232,"column":7}},"type":"if","locations":[{"start":{"line":215,"column":6},"end":{"line":232,"column":7}}]},"7":{"loc":{"start":{"line":217,"column":16},"end":{"line":217,"column":58}},"type":"binary-expr","locations":[{"start":{"line":217,"column":16},"end":{"line":217,"column":36}},{"start":{"line":217,"column":40},"end":{"line":217,"column":58}}]},"8":{"loc":{"start":{"line":218,"column":19},"end":{"line":218,"column":65}},"type":"binary-expr","locations":[{"start":{"line":218,"column":19},"end":{"line":218,"column":35}},{"start":{"line":218,"column":39},"end":{"line":218,"column":65}}]},"9":{"loc":{"start":{"line":226,"column":23},"end":{"line":226,"column":74}},"type":"binary-expr","locations":[{"start":{"line":226,"column":23},"end":{"line":226,"column":39}},{"start":{"line":226,"column":43},"end":{"line":226,"column":74}}]},"10":{"loc":{"start":{"line":306,"column":4},"end":{"line":312,"column":5}},"type":"if","locations":[{"start":{"line":306,"column":4},"end":{"line":312,"column":5}}]},"11":{"loc":{"start":{"line":315,"column":4},"end":{"line":321,"column":5}},"type":"if","locations":[{"start":{"line":315,"column":4},"end":{"line":321,"column":5}}]},"12":{"loc":{"start":{"line":324,"column":4},"end":{"line":330,"column":5}},"type":"if","locations":[{"start":{"line":324,"column":4},"end":{"line":330,"column":5}}]},"13":{"loc":{"start":{"line":337,"column":4},"end":{"line":343,"column":5}},"type":"if","locations":[{"start":{"line":337,"column":4},"end":{"line":343,"column":5}}]},"14":{"loc":{"start":{"line":337,"column":8},"end":{"line":337,"column":62}},"type":"binary-expr","locations":[{"start":{"line":337,"column":8},"end":{"line":337,"column":27}},{"start":{"line":337,"column":31},"end":{"line":337,"column":62}}]},"15":{"loc":{"start":{"line":347,"column":6},"end":{"line":353,"column":7}},"type":"if","locations":[{"start":{"line":347,"column":6},"end":{"line":353,"column":7}}]},"16":{"loc":{"start":{"line":356,"column":6},"end":{"line":365,"column":7}},"type":"if","locations":[{"start":{"line":356,"column":6},"end":{"line":365,"column":7}}]},"17":{"loc":{"start":{"line":356,"column":10},"end":{"line":356,"column":70}},"type":"binary-expr","locations":[{"start":{"line":356,"column":10},"end":{"line":356,"column":51}},{"start":{"line":356,"column":55},"end":{"line":356,"column":70}}]},"18":{"loc":{"start":{"line":358,"column":8},"end":{"line":364,"column":9}},"type":"if","locations":[{"start":{"line":358,"column":8},"end":{"line":364,"column":9}}]},"19":{"loc":{"start":{"line":378,"column":4},"end":{"line":426,"column":5}},"type":"if","locations":[{"start":{"line":378,"column":4},"end":{"line":426,"column":5}}]},"20":{"loc":{"start":{"line":381,"column":6},"end":{"line":391,"column":7}},"type":"if","locations":[{"start":{"line":381,"column":6},"end":{"line":391,"column":7}}]},"21":{"loc":{"start":{"line":393,"column":6},"end":{"line":403,"column":7}},"type":"if","locations":[{"start":{"line":393,"column":6},"end":{"line":403,"column":7}}]},"22":{"loc":{"start":{"line":405,"column":6},"end":{"line":415,"column":7}},"type":"if","locations":[{"start":{"line":405,"column":6},"end":{"line":415,"column":7}}]},"23":{"loc":{"start":{"line":431,"column":15},"end":{"line":431,"column":56}},"type":"binary-expr","locations":[{"start":{"line":431,"column":15},"end":{"line":431,"column":28}},{"start":{"line":431,"column":32},"end":{"line":431,"column":56}}]},"24":{"loc":{"start":{"line":452,"column":4},"end":{"line":454,"column":5}},"type":"if","locations":[{"start":{"line":452,"column":4},"end":{"line":454,"column":5}}]}},"s":{"0":1,"1":13,"2":13,"3":13,"4":6,"5":6,"6":6,"7":6,"8":2,"9":2,"10":2,"11":4,"12":7,"13":4,"14":0,"15":0,"16":4,"17":3,"18":3,"19":3,"20":3,"21":1,"22":1,"23":1,"24":1,"25":5,"26":5,"27":5,"28":3,"29":3,"30":3,"31":3,"32":2,"33":2,"34":2,"35":2,"36":1,"37":1,"38":1,"39":0,"40":0,"41":1,"42":1,"43":1,"44":5,"45":1,"46":1,"47":0,"48":0,"49":0,"50":0,"51":6,"52":6,"53":6,"54":6,"55":1,"56":1,"57":1,"58":5,"59":3,"60":3,"61":3,"62":3,"63":2,"64":2,"65":2,"66":2,"67":3,"68":3,"69":3,"70":2,"71":2,"72":2,"73":1,"74":1,"75":1,"76":1,"77":1,"78":6,"79":1,"80":5,"81":1,"82":4,"83":0,"84":4,"85":6,"86":0,"87":6,"88":8,"89":0,"90":8,"91":2,"92":2,"93":1,"94":5,"95":6,"96":6,"97":2,"98":2,"99":1,"100":1,"101":1,"102":0,"103":0,"104":0,"105":4,"106":21,"107":21,"108":21,"109":0,"110":18,"111":18,"112":1},"f":{"0":13,"1":6,"2":7,"3":0,"4":5,"5":1,"6":5,"7":6,"8":3,"9":1,"10":6,"11":6,"12":6,"13":21,"14":18,"15":18},"b":{"0":[2],"1":[2,0],"2":[2,0],"3":[2,0],"4":[0],"5":[0],"6":[1],"7":[1,0],"8":[1,0],"9":[1,0],"10":[1],"11":[1],"12":[0],"13":[0],"14":[6,6],"15":[0],"16":[2],"17":[8,2],"18":[1],"19":[2],"20":[1],"21":[1],"22":[0],"23":[4,0],"24":[0]}},"/opt/1020-Event-on-land-tool/src/config/default.ts":{"path":"/opt/1020-Event-on-land-tool/src/config/default.ts","statementMap":{"0":{"start":{"line":5,"column":13},"end":{"line":14,"column":2}},"1":{"start":{"line":16,"column":13},"end":{"line":20,"column":2}},"2":{"start":{"line":22,"column":13},"end":{"line":43,"column":2}}},"fnMap":{},"branchMap":{},"s":{"0":4,"1":4,"2":4},"f":{},"b":{}},"/opt/1020-Event-on-land-tool/src/client/ApiClient.ts":{"path":"/opt/1020-Event-on-land-tool/src/client/ApiClient.ts","statementMap":{"0":{"start":{"line":3,"column":0},"end":{"line":3,"column":72}},"1":{"start":{"line":5,"column":0},"end":{"line":5,"column":70}},"2":{"start":{"line":6,"column":0},"end":{"line":6,"column":70}},"3":{"start":{"line":7,"column":0},"end":{"line":7,"column":64}},"4":{"start":{"line":9,"column":0},"end":{"line":9,"column":51}},"5":{"start":{"line":35,"column":10},"end":{"line":35,"column":56}},"6":{"start":{"line":36,"column":10},"end":{"line":43,"column":4}},"7":{"start":{"line":46,"column":4},"end":{"line":46,"column":35}},"8":{"start":{"line":47,"column":4},"end":{"line":47,"column":77}},"9":{"start":{"line":49,"column":19},"end":{"line":49,"column":58}},"10":{"start":{"line":52,"column":4},"end":{"line":52,"column":68}},"11":{"start":{"line":55,"column":4},"end":{"line":59,"column":7}},"12":{"start":{"line":62,"column":4},"end":{"line":70,"column":7}},"13":{"start":{"line":72,"column":4},"end":{"line":72,"column":29}},"14":{"start":{"line":76,"column":4},"end":{"line":76,"column":62}},"15":{"start":{"line":80,"column":4},"end":{"line":80,"column":58}},"16":{"start":{"line":84,"column":4},"end":{"line":84,"column":59}},"17":{"start":{"line":88,"column":4},"end":{"line":88,"column":65}},"18":{"start":{"line":92,"column":19},"end":{"line":92,"column":58}},"19":{"start":{"line":93,"column":4},"end":{"line":101,"column":6}},"20":{"start":{"line":105,"column":4},"end":{"line":105,"column":47}},"21":{"start":{"line":109,"column":24},"end":{"line":111,"column":9}},"22":{"start":{"line":113,"column":32},"end":{"line":115,"column":9}},"23":{"start":{"line":117,"column":4},"end":{"line":127,"column":6}},"24":{"start":{"line":131,"column":4},"end":{"line":131,"column":40}},"25":{"start":{"line":140,"column":22},"end":{"line":140,"column":32}},"26":{"start":{"line":142,"column":4},"end":{"line":185,"column":5}},"27":{"start":{"line":144,"column":6},"end":{"line":144,"column":44}},"28":{"start":{"line":147,"column":28},"end":{"line":154,"column":8}},"29":{"start":{"line":148,"column":8},"end":{"line":153,"column":11}},"30":{"start":{"line":156,"column":23},"end":{"line":156,"column":45}},"31":{"start":{"line":159,"column":6},"end":{"line":159,"column":47}},"32":{"start":{"line":162,"column":6},"end":{"line":162,"column":64}},"33":{"start":{"line":165,"column":6},"end":{"line":165,"column":90}},"34":{"start":{"line":167,"column":6},"end":{"line":172,"column":8}},"35":{"start":{"line":174,"column":23},"end":{"line":174,"column":45}},"36":{"start":{"line":177,"column":6},"end":{"line":177,"column":48}},"37":{"start":{"line":180,"column":6},"end":{"line":180,"column":65}},"38":{"start":{"line":183,"column":25},"end":{"line":183,"column":69}},"39":{"start":{"line":184,"column":6},"end":{"line":184,"column":23}},"40":{"start":{"line":190,"column":4},"end":{"line":202,"column":6}},"41":{"start":{"line":192,"column":8},"end":{"line":196,"column":9}},"42":{"start":{"line":193,"column":29},"end":{"line":193,"column":64}},"43":{"start":{"line":194,"column":30},"end":{"line":194,"column":98}},"44":{"start":{"line":195,"column":10},"end":{"line":195,"column":67}},"45":{"start":{"line":197,"column":8},"end":{"line":197,"column":22}},"46":{"start":{"line":200,"column":8},"end":{"line":200,"column":37}},"47":{"start":{"line":205,"column":4},"end":{"line":213,"column":6}},"48":{"start":{"line":206,"column":20},"end":{"line":206,"column":28}},"49":{"start":{"line":208,"column":8},"end":{"line":210,"column":9}},"50":{"start":{"line":209,"column":10},"end":{"line":209,"column":42}},"51":{"start":{"line":211,"column":8},"end":{"line":211,"column":37}},"52":{"start":{"line":217,"column":4},"end":{"line":220,"column":5}},"53":{"start":{"line":219,"column":6},"end":{"line":219,"column":18}},"54":{"start":{"line":222,"column":19},"end":{"line":222,"column":40}},"55":{"start":{"line":225,"column":4},"end":{"line":225,"column":41}},"56":{"start":{"line":229,"column":19},"end":{"line":229,"column":31}},"57":{"start":{"line":230,"column":4},"end":{"line":232,"column":5}},"58":{"start":{"line":231,"column":6},"end":{"line":231,"column":18}},"59":{"start":{"line":234,"column":23},"end":{"line":234,"column":76}},"60":{"start":{"line":235,"column":24},"end":{"line":235,"column":56}},"61":{"start":{"line":237,"column":4},"end":{"line":239,"column":5}},"62":{"start":{"line":238,"column":6},"end":{"line":238,"column":18}},"63":{"start":{"line":242,"column":18},"end":{"line":242,"column":48}},"64":{"start":{"line":243,"column":4},"end":{"line":243,"column":61}},"65":{"start":{"line":243,"column":33},"end":{"line":243,"column":59}},"66":{"start":{"line":245,"column":5},"end":{"line":245,"column":50}},"67":{"start":{"line":246,"column":4},"end":{"line":246,"column":35}},"68":{"start":{"line":250,"column":20},"end":{"line":253,"column":6}},"69":{"start":{"line":255,"column":4},"end":{"line":265,"column":5}},"70":{"start":{"line":256,"column":6},"end":{"line":264,"column":8}},"71":{"start":{"line":267,"column":4},"end":{"line":320,"column":5}},"72":{"start":{"line":268,"column":21},"end":{"line":268,"column":42}},"73":{"start":{"line":270,"column":6},"end":{"line":285,"column":7}},"74":{"start":{"line":271,"column":27},"end":{"line":271,"column":64}},"75":{"start":{"line":272,"column":8},"end":{"line":284,"column":10}},"76":{"start":{"line":287,"column":6},"end":{"line":297,"column":7}},"77":{"start":{"line":288,"column":8},"end":{"line":296,"column":10}},"78":{"start":{"line":299,"column":6},"end":{"line":309,"column":7}},"79":{"start":{"line":300,"column":8},"end":{"line":308,"column":10}},"80":{"start":{"line":311,"column":6},"end":{"line":319,"column":8}},"81":{"start":{"line":323,"column":4},"end":{"line":331,"column":6}},"82":{"start":{"line":335,"column":4},"end":{"line":335,"column":39}},"83":{"start":{"line":337,"column":4},"end":{"line":344,"column":5}},"84":{"start":{"line":338,"column":6},"end":{"line":338,"column":46}},"85":{"start":{"line":339,"column":6},"end":{"line":339,"column":55}},"86":{"start":{"line":340,"column":6},"end":{"line":340,"column":60}},"87":{"start":{"line":342,"column":6},"end":{"line":342,"column":42}},"88":{"start":{"line":343,"column":6},"end":{"line":343,"column":56}},"89":{"start":{"line":348,"column":39},"end":{"line":353,"column":6}},"90":{"start":{"line":355,"column":4},"end":{"line":355,"column":41}},"91":{"start":{"line":358,"column":4},"end":{"line":360,"column":5}},"92":{"start":{"line":359,"column":6},"end":{"line":359,"column":68}},"93":{"start":{"line":29,"column":0},"end":{"line":29,"column":13}}},"fnMap":{"0":{"name":"(anonymous_1)","decl":{"start":{"line":45,"column":2},"end":{"line":45,"column":14}},"loc":{"start":{"line":45,"column":76},"end":{"line":73,"column":3}}},"1":{"name":"(anonymous_2)","decl":{"start":{"line":75,"column":9},"end":{"line":75,"column":14}},"loc":{"start":{"line":75,"column":69},"end":{"line":77,"column":3}}},"2":{"name":"(anonymous_3)","decl":{"start":{"line":79,"column":9},"end":{"line":79,"column":14}},"loc":{"start":{"line":79,"column":82},"end":{"line":81,"column":3}}},"3":{"name":"(anonymous_4)","decl":{"start":{"line":83,"column":9},"end":{"line":83,"column":14}},"loc":{"start":{"line":83,"column":83},"end":{"line":85,"column":3}}},"4":{"name":"(anonymous_5)","decl":{"start":{"line":87,"column":9},"end":{"line":87,"column":14}},"loc":{"start":{"line":87,"column":72},"end":{"line":89,"column":3}}},"5":{"name":"(anonymous_6)","decl":{"start":{"line":91,"column":9},"end":{"line":91,"column":25}},"loc":{"start":{"line":91,"column":25},"end":{"line":102,"column":3}}},"6":{"name":"(anonymous_7)","decl":{"start":{"line":104,"column":9},"end":{"line":104,"column":25}},"loc":{"start":{"line":104,"column":25},"end":{"line":106,"column":3}}},"7":{"name":"(anonymous_8)","decl":{"start":{"line":108,"column":9},"end":{"line":108,"column":24}},"loc":{"start":{"line":108,"column":24},"end":{"line":128,"column":3}}},"8":{"name":"(anonymous_9)","decl":{"start":{"line":130,"column":9},"end":{"line":130,"column":30}},"loc":{"start":{"line":130,"column":30},"end":{"line":132,"column":3}}},"9":{"name":"(anonymous_10)","decl":{"start":{"line":134,"column":10},"end":{"line":134,"column":15}},"loc":{"start":{"line":138,"column":32},"end":{"line":186,"column":3}}},"10":{"name":"(anonymous_11)","decl":{"start":{"line":147,"column":62},"end":{"line":147,"column":67}},"loc":{"start":{"line":147,"column":73},"end":{"line":154,"column":7}}},"11":{"name":"(anonymous_12)","decl":{"start":{"line":188,"column":10},"end":{"line":188,"column":27}},"loc":{"start":{"line":188,"column":27},"end":{"line":214,"column":3}}},"12":{"name":"(anonymous_13)","decl":{"start":{"line":191,"column":6},"end":{"line":191,"column":7}},"loc":{"start":{"line":191,"column":17},"end":{"line":198,"column":7}}},"13":{"name":"(anonymous_14)","decl":{"start":{"line":199,"column":6},"end":{"line":199,"column":7}},"loc":{"start":{"line":199,"column":16},"end":{"line":201,"column":7}}},"14":{"name":"(anonymous_15)","decl":{"start":{"line":206,"column":6},"end":{"line":206,"column":7}},"loc":{"start":{"line":206,"column":20},"end":{"line":206,"column":28}}},"15":{"name":"(anonymous_16)","decl":{"start":{"line":207,"column":6},"end":{"line":207,"column":11}},"loc":{"start":{"line":207,"column":34},"end":{"line":212,"column":7}}},"16":{"name":"(anonymous_17)","decl":{"start":{"line":216,"column":10},"end":{"line":216,"column":21}},"loc":{"start":{"line":216,"column":39},"end":{"line":226,"column":3}}},"17":{"name":"(anonymous_18)","decl":{"start":{"line":228,"column":10},"end":{"line":228,"column":15}},"loc":{"start":{"line":228,"column":46},"end":{"line":247,"column":3}}},"18":{"name":"(anonymous_19)","decl":{"start":{"line":243,"column":22},"end":{"line":243,"column":29}},"loc":{"start":{"line":243,"column":33},"end":{"line":243,"column":59}}},"19":{"name":"(anonymous_20)","decl":{"start":{"line":249,"column":10},"end":{"line":249,"column":29}},"loc":{"start":{"line":249,"column":69},"end":{"line":332,"column":3}}},"20":{"name":"(anonymous_21)","decl":{"start":{"line":334,"column":10},"end":{"line":334,"column":29}},"loc":{"start":{"line":334,"column":64},"end":{"line":345,"column":3}}},"21":{"name":"(anonymous_22)","decl":{"start":{"line":347,"column":10},"end":{"line":347,"column":33}},"loc":{"start":{"line":347,"column":97},"end":{"line":361,"column":3}}}},"branchMap":{"0":{"loc":{"start":{"line":47,"column":25},"end":{"line":47,"column":76}},"type":"binary-expr","locations":[{"start":{"line":47,"column":25},"end":{"line":47,"column":38}},{"start":{"line":47,"column":42},"end":{"line":47,"column":76}}]},"1":{"loc":{"start":{"line":109,"column":24},"end":{"line":111,"column":9}},"type":"cond-expr","locations":[{"start":{"line":110,"column":8},"end":{"line":110,"column":80}},{"start":{"line":111,"column":8},"end":{"line":111,"column":9}}]},"2":{"loc":{"start":{"line":113,"column":32},"end":{"line":115,"column":9}},"type":"cond-expr","locations":[{"start":{"line":114,"column":8},"end":{"line":114,"column":84}},{"start":{"line":115,"column":8},"end":{"line":115,"column":9}}]},"3":{"loc":{"start":{"line":118,"column":17},"end":{"line":118,"column":94}},"type":"binary-expr","locations":[{"start":{"line":118,"column":17},"end":{"line":118,"column":36}},{"start":{"line":118,"column":40},"end":{"line":118,"column":94}}]},"4":{"loc":{"start":{"line":124,"column":29},"end":{"line":124,"column":82}},"type":"binary-expr","locations":[{"start":{"line":124,"column":29},"end":{"line":124,"column":69}},{"start":{"line":124,"column":73},"end":{"line":124,"column":82}}]},"5":{"loc":{"start":{"line":125,"column":25},"end":{"line":125,"column":74}},"type":"binary-expr","locations":[{"start":{"line":125,"column":25},"end":{"line":125,"column":61}},{"start":{"line":125,"column":65},"end":{"line":125,"column":74}}]},"6":{"loc":{"start":{"line":192,"column":8},"end":{"line":196,"column":9}},"type":"if","locations":[{"start":{"line":192,"column":8},"end":{"line":196,"column":9}}]},"7":{"loc":{"start":{"line":208,"column":8},"end":{"line":210,"column":9}},"type":"if","locations":[{"start":{"line":208,"column":8},"end":{"line":210,"column":9}}]},"8":{"loc":{"start":{"line":217,"column":4},"end":{"line":220,"column":5}},"type":"if","locations":[{"start":{"line":217,"column":4},"end":{"line":220,"column":5}}]},"9":{"loc":{"start":{"line":225,"column":11},"end":{"line":225,"column":40}},"type":"binary-expr","locations":[{"start":{"line":225,"column":11},"end":{"line":225,"column":24}},{"start":{"line":225,"column":28},"end":{"line":225,"column":40}}]},"10":{"loc":{"start":{"line":230,"column":4},"end":{"line":232,"column":5}},"type":"if","locations":[{"start":{"line":230,"column":4},"end":{"line":232,"column":5}}]},"11":{"loc":{"start":{"line":235,"column":24},"end":{"line":235,"column":56}},"type":"binary-expr","locations":[{"start":{"line":235,"column":24},"end":{"line":235,"column":51}},{"start":{"line":235,"column":55},"end":{"line":235,"column":56}}]},"12":{"loc":{"start":{"line":237,"column":4},"end":{"line":239,"column":5}},"type":"if","locations":[{"start":{"line":237,"column":4},"end":{"line":239,"column":5}}]},"13":{"loc":{"start":{"line":255,"column":4},"end":{"line":265,"column":5}},"type":"if","locations":[{"start":{"line":255,"column":4},"end":{"line":265,"column":5}}]},"14":{"loc":{"start":{"line":267,"column":4},"end":{"line":320,"column":5}},"type":"if","locations":[{"start":{"line":267,"column":4},"end":{"line":320,"column":5}}]},"15":{"loc":{"start":{"line":270,"column":6},"end":{"line":285,"column":7}},"type":"if","locations":[{"start":{"line":270,"column":6},"end":{"line":285,"column":7}}]},"16":{"loc":{"start":{"line":280,"column":24},"end":{"line":280,"column":66}},"type":"cond-expr","locations":[{"start":{"line":280,"column":37},"end":{"line":280,"column":61}},{"start":{"line":280,"column":64},"end":{"line":280,"column":66}}]},"17":{"loc":{"start":{"line":287,"column":6},"end":{"line":297,"column":7}},"type":"if","locations":[{"start":{"line":287,"column":6},"end":{"line":297,"column":7}}]},"18":{"loc":{"start":{"line":299,"column":6},"end":{"line":309,"column":7}},"type":"if","locations":[{"start":{"line":299,"column":6},"end":{"line":309,"column":7}}]},"19":{"loc":{"start":{"line":325,"column":15},"end":{"line":325,"column":56}},"type":"binary-expr","locations":[{"start":{"line":325,"column":15},"end":{"line":325,"column":28}},{"start":{"line":325,"column":32},"end":{"line":325,"column":56}}]},"20":{"loc":{"start":{"line":337,"column":4},"end":{"line":344,"column":5}},"type":"if","locations":[{"start":{"line":337,"column":4},"end":{"line":344,"column":5}},{"start":{"line":341,"column":11},"end":{"line":344,"column":5}}]},"21":{"loc":{"start":{"line":358,"column":4},"end":{"line":360,"column":5}},"type":"if","locations":[{"start":{"line":358,"column":4},"end":{"line":360,"column":5}}]}},"s":{"0":2,"1":2,"2":2,"3":2,"4":2,"5":10,"6":10,"7":10,"8":10,"9":10,"10":10,"11":10,"12":10,"13":10,"14":0,"15":0,"16":0,"17":0,"18":0,"19":0,"20":0,"21":0,"22":0,"23":0,"24":0,"25":0,"26":0,"27":0,"28":0,"29":0,"30":0,"31":0,"32":0,"33":0,"34":0,"35":0,"36":0,"37":0,"38":0,"39":0,"40":10,"41":0,"42":0,"43":0,"44":0,"45":0,"46":0,"47":0,"48":0,"49":0,"50":0,"51":0,"52":0,"53":0,"54":0,"55":0,"56":0,"57":0,"58":0,"59":0,"60":0,"61":0,"62":0,"63":0,"64":0,"65":0,"66":0,"67":0,"68":0,"69":0,"70":0,"71":0,"72":0,"73":0,"74":0,"75":0,"76":0,"77":0,"78":0,"79":0,"80":0,"81":0,"82":0,"83":0,"84":0,"85":0,"86":0,"87":0,"88":0,"89":0,"90":0,"91":0,"92":0,"93":2},"f":{"0":10,"1":0,"2":0,"3":0,"4":0,"5":0,"6":0,"7":0,"8":0,"9":0,"10":0,"11":10,"12":0,"13":0,"14":0,"15":0,"16":0,"17":0,"18":0,"19":0,"20":0,"21":0},"b":{"0":[10,0],"1":[0,0],"2":[0,0],"3":[0,0],"4":[0,0],"5":[0,0],"6":[0],"7":[0],"8":[0],"9":[0,0],"10":[0],"11":[0,0],"12":[0],"13":[0],"14":[0],"15":[0],"16":[0,0],"17":[0],"18":[0],"19":[0,0],"20":[0,0],"21":[0]}},"/opt/1020-Event-on-land-tool/src/config/ConfigurationManager.ts":{"path":"/opt/1020-Event-on-land-tool/src/config/ConfigurationManager.ts","statementMap":{"0":{"start":{"line":4,"column":0},"end":{"line":4,"column":43}},"1":{"start":{"line":16,"column":4},"end":{"line":18,"column":5}},"2":{"start":{"line":17,"column":6},"end":{"line":17,"column":33}},"3":{"start":{"line":22,"column":4},"end":{"line":24,"column":5}},"4":{"start":{"line":23,"column":6},"end":{"line":23,"column":65}},"5":{"start":{"line":25,"column":4},"end":{"line":25,"column":41}},"6":{"start":{"line":29,"column":4},"end":{"line":33,"column":6}},"7":{"start":{"line":37,"column":29},"end":{"line":37,"column":31}},"8":{"start":{"line":39,"column":4},"end":{"line":41,"column":5}},"9":{"start":{"line":40,"column":6},"end":{"line":40,"column":46}},"10":{"start":{"line":43,"column":4},"end":{"line":45,"column":5}},"11":{"start":{"line":44,"column":6},"end":{"line":44,"column":55}},"12":{"start":{"line":48,"column":4},"end":{"line":50,"column":5}},"13":{"start":{"line":49,"column":6},"end":{"line":49,"column":67}},"14":{"start":{"line":53,"column":4},"end":{"line":55,"column":5}},"15":{"start":{"line":54,"column":6},"end":{"line":54,"column":65}},"16":{"start":{"line":57,"column":4},"end":{"line":60,"column":6}},"17":{"start":{"line":64,"column":4},"end":{"line":72,"column":6}},"18":{"start":{"line":76,"column":4},"end":{"line":82,"column":5}},"19":{"start":{"line":78,"column":6},"end":{"line":80,"column":7}},"20":{"start":{"line":79,"column":8},"end":{"line":79,"column":39}},"21":{"start":{"line":81,"column":6},"end":{"line":81,"column":18}},"22":{"start":{"line":84,"column":4},"end":{"line":86,"column":5}},"23":{"start":{"line":85,"column":6},"end":{"line":85,"column":60}},"24":{"start":{"line":85,"column":30},"end":{"line":85,"column":58}},"25":{"start":{"line":88,"column":4},"end":{"line":102,"column":5}},"26":{"start":{"line":89,"column":21},"end":{"line":89,"column":32}},"27":{"start":{"line":90,"column":28},"end":{"line":90,"column":89}},"28":{"start":{"line":92,"column":6},"end":{"line":99,"column":7}},"29":{"start":{"line":93,"column":8},"end":{"line":98,"column":9}},"30":{"start":{"line":93,"column":44},"end":{"line":93,"column":81}},"31":{"start":{"line":94,"column":10},"end":{"line":94,"column":60}},"32":{"start":{"line":95,"column":15},"end":{"line":98,"column":9}},"33":{"start":{"line":97,"column":10},"end":{"line":97,"column":55}},"34":{"start":{"line":101,"column":6},"end":{"line":101,"column":20}},"35":{"start":{"line":104,"column":4},"end":{"line":104,"column":16}},"36":{"start":{"line":11,"column":0},"end":{"line":11,"column":13}}},"fnMap":{"0":{"name":"(anonymous_0)","decl":{"start":{"line":14,"column":2},"end":{"line":14,"column":null}},"loc":{"start":{"line":14,"column":2},"end":{"line":19,"column":3}}},"1":{"name":"(anonymous_1)","decl":{"start":{"line":21,"column":9},"end":{"line":21,"column":15}},"loc":{"start":{"line":21,"column":27},"end":{"line":26,"column":3}}},"2":{"name":"(anonymous_2)","decl":{"start":{"line":28,"column":9},"end":{"line":28,"column":22}},"loc":{"start":{"line":28,"column":22},"end":{"line":34,"column":3}}},"3":{"name":"(anonymous_3)","decl":{"start":{"line":36,"column":9},"end":{"line":36,"column":27}},"loc":{"start":{"line":36,"column":46},"end":{"line":61,"column":3}}},"4":{"name":"(anonymous_4)","decl":{"start":{"line":63,"column":9},"end":{"line":63,"column":27}},"loc":{"start":{"line":63,"column":27},"end":{"line":73,"column":3}}},"5":{"name":"(anonymous_5)","decl":{"start":{"line":75,"column":9},"end":{"line":75,"column":26}},"loc":{"start":{"line":75,"column":36},"end":{"line":105,"column":3}}},"6":{"name":"(anonymous_6)","decl":{"start":{"line":85,"column":22},"end":{"line":85,"column":26}},"loc":{"start":{"line":85,"column":30},"end":{"line":85,"column":58}}},"7":{"name":"(anonymous_7)","decl":{"start":{"line":93,"column":31},"end":{"line":93,"column":40}},"loc":{"start":{"line":93,"column":44},"end":{"line":93,"column":81}}}},"branchMap":{"0":{"loc":{"start":{"line":16,"column":4},"end":{"line":18,"column":5}},"type":"if","locations":[{"start":{"line":16,"column":4},"end":{"line":18,"column":5}}]},"1":{"loc":{"start":{"line":16,"column":8},"end":{"line":16,"column":53}},"type":"binary-expr","locations":[{"start":{"line":16,"column":8},"end":{"line":16,"column":38}},{"start":{"line":16,"column":42},"end":{"line":16,"column":53}}]},"2":{"loc":{"start":{"line":22,"column":4},"end":{"line":24,"column":5}},"type":"if","locations":[{"start":{"line":22,"column":4},"end":{"line":24,"column":5}}]},"3":{"loc":{"start":{"line":30,"column":20},"end":{"line":30,"column":54}},"type":"binary-expr","locations":[{"start":{"line":30,"column":20},"end":{"line":30,"column":48}},{"start":{"line":30,"column":52},"end":{"line":30,"column":54}}]},"4":{"loc":{"start":{"line":31,"column":27},"end":{"line":31,"column":61}},"type":"binary-expr","locations":[{"start":{"line":31,"column":27},"end":{"line":31,"column":55}},{"start":{"line":31,"column":59},"end":{"line":31,"column":61}}]},"5":{"loc":{"start":{"line":39,"column":4},"end":{"line":41,"column":5}},"type":"if","locations":[{"start":{"line":39,"column":4},"end":{"line":41,"column":5}}]},"6":{"loc":{"start":{"line":39,"column":8},"end":{"line":39,"column":71}},"type":"binary-expr","locations":[{"start":{"line":39,"column":8},"end":{"line":39,"column":28}},{"start":{"line":39,"column":32},"end":{"line":39,"column":71}}]},"7":{"loc":{"start":{"line":43,"column":4},"end":{"line":45,"column":5}},"type":"if","locations":[{"start":{"line":43,"column":4},"end":{"line":45,"column":5}}]},"8":{"loc":{"start":{"line":43,"column":8},"end":{"line":43,"column":85}},"type":"binary-expr","locations":[{"start":{"line":43,"column":8},"end":{"line":43,"column":35}},{"start":{"line":43,"column":39},"end":{"line":43,"column":85}}]},"9":{"loc":{"start":{"line":48,"column":4},"end":{"line":50,"column":5}},"type":"if","locations":[{"start":{"line":48,"column":4},"end":{"line":50,"column":5}}]},"10":{"loc":{"start":{"line":48,"column":8},"end":{"line":48,"column":76}},"type":"binary-expr","locations":[{"start":{"line":48,"column":8},"end":{"line":48,"column":27}},{"start":{"line":48,"column":31},"end":{"line":48,"column":76}}]},"11":{"loc":{"start":{"line":53,"column":4},"end":{"line":55,"column":5}},"type":"if","locations":[{"start":{"line":53,"column":4},"end":{"line":55,"column":5}}]},"12":{"loc":{"start":{"line":53,"column":8},"end":{"line":53,"column":75}},"type":"binary-expr","locations":[{"start":{"line":53,"column":8},"end":{"line":53,"column":34}},{"start":{"line":53,"column":38},"end":{"line":53,"column":75}}]},"13":{"loc":{"start":{"line":66,"column":24},"end":{"line":66,"column":58}},"type":"binary-expr","locations":[{"start":{"line":66,"column":24},"end":{"line":66,"column":47}},{"start":{"line":66,"column":51},"end":{"line":66,"column":58}}]},"14":{"loc":{"start":{"line":67,"column":30},"end":{"line":67,"column":63}},"type":"binary-expr","locations":[{"start":{"line":67,"column":30},"end":{"line":67,"column":56}},{"start":{"line":67,"column":60},"end":{"line":67,"column":63}}]},"15":{"loc":{"start":{"line":69,"column":27},"end":{"line":69,"column":67}},"type":"binary-expr","locations":[{"start":{"line":69,"column":27},"end":{"line":69,"column":58}},{"start":{"line":69,"column":62},"end":{"line":69,"column":67}}]},"16":{"loc":{"start":{"line":70,"column":27},"end":{"line":70,"column":67}},"type":"binary-expr","locations":[{"start":{"line":70,"column":27},"end":{"line":70,"column":56}},{"start":{"line":70,"column":60},"end":{"line":70,"column":67}}]},"17":{"loc":{"start":{"line":76,"column":4},"end":{"line":82,"column":5}},"type":"if","locations":[{"start":{"line":76,"column":4},"end":{"line":82,"column":5}}]},"18":{"loc":{"start":{"line":78,"column":6},"end":{"line":80,"column":7}},"type":"if","locations":[{"start":{"line":78,"column":6},"end":{"line":80,"column":7}}]},"19":{"loc":{"start":{"line":84,"column":4},"end":{"line":86,"column":5}},"type":"if","locations":[{"start":{"line":84,"column":4},"end":{"line":86,"column":5}}]},"20":{"loc":{"start":{"line":88,"column":4},"end":{"line":102,"column":5}},"type":"if","locations":[{"start":{"line":88,"column":4},"end":{"line":102,"column":5}}]},"21":{"loc":{"start":{"line":88,"column":8},"end":{"line":88,"column":49}},"type":"binary-expr","locations":[{"start":{"line":88,"column":8},"end":{"line":88,"column":32}},{"start":{"line":88,"column":36},"end":{"line":88,"column":49}}]},"22":{"loc":{"start":{"line":93,"column":8},"end":{"line":98,"column":9}},"type":"if","locations":[{"start":{"line":93,"column":8},"end":{"line":98,"column":9}},{"start":{"line":95,"column":15},"end":{"line":98,"column":9}}]},"23":{"loc":{"start":{"line":95,"column":15},"end":{"line":98,"column":9}},"type":"if","locations":[{"start":{"line":95,"column":15},"end":{"line":98,"column":9}}]},"24":{"loc":{"start":{"line":95,"column":19},"end":{"line":95,"column":76}},"type":"binary-expr","locations":[{"start":{"line":95,"column":19},"end":{"line":95,"column":50}},{"start":{"line":95,"column":54},"end":{"line":95,"column":76}}]}},"s":{"0":4,"1":32,"2":32,"3":0,"4":0,"5":0,"6":1,"7":31,"8":31,"9":2,"10":31,"11":1,"12":31,"13":0,"14":31,"15":0,"16":31,"17":10,"18":10,"19":5,"20":5,"21":0,"22":5,"23":0,"24":0,"25":5,"26":5,"27":5,"28":5,"29":11,"30":40,"31":5,"32":6,"33":6,"34":5,"35":0,"36":4},"f":{"0":32,"1":0,"2":1,"3":31,"4":10,"5":10,"6":0,"7":40},"b":{"0":[32],"1":[32,32],"2":[0],"3":[1,0],"4":[1,0],"5":[2],"6":[31,29],"7":[1],"8":[31,30],"9":[0],"10":[31,29],"11":[0],"12":[31,30],"13":[10,10],"14":[10,10],"15":[10,10],"16":[10,10],"17":[5],"18":[5],"19":[0],"20":[5],"21":[5,5],"22":[5,6],"23":[6],"24":[6,6]}},"/opt/1020-Event-on-land-tool/src/client/RateLimiter.ts":{"path":"/opt/1020-Event-on-land-tool/src/client/RateLimiter.ts","statementMap":{"0":{"start":{"line":20,"column":4},"end":{"line":20,"column":25}},"1":{"start":{"line":21,"column":4},"end":{"line":21,"column":34}},"2":{"start":{"line":22,"column":4},"end":{"line":22,"column":33}},"3":{"start":{"line":26,"column":4},"end":{"line":26,"column":24}},"4":{"start":{"line":28,"column":4},"end":{"line":31,"column":5}},"5":{"start":{"line":29,"column":6},"end":{"line":29,"column":20}},"6":{"start":{"line":30,"column":6},"end":{"line":30,"column":31}},"7":{"start":{"line":34,"column":21},"end":{"line":34,"column":78}},"8":{"start":{"line":35,"column":4},"end":{"line":43,"column":7}},"9":{"start":{"line":36,"column":6},"end":{"line":42,"column":19}},"10":{"start":{"line":37,"column":8},"end":{"line":37,"column":28}},"11":{"start":{"line":38,"column":8},"end":{"line":40,"column":9}},"12":{"start":{"line":39,"column":10},"end":{"line":39,"column":24}},"13":{"start":{"line":41,"column":8},"end":{"line":41,"column":18}},"14":{"start":{"line":47,"column":4},"end":{"line":47,"column":24}},"15":{"start":{"line":49,"column":4},"end":{"line":53,"column
[...]
":9},"end":{"line":262,"column":56}},"70":{"start":{"line":263,"column":9},"end":{"line":263,"column":62}},"71":{"start":{"line":264,"column":9},"end":{"line":264,"column":62}},"72":{"start":{"line":266,"column":8},"end":{"line":266,"column":43}},"73":{"start":{"line":270,"column":4},"end":{"line":272,"column":5}},"74":{"start":{"line":271,"column":6},"end":{"line":271,"column":52}},"75":{"start":{"line":276,"column":70},"end":{"line":276,"column":72}},"76":{"start":{"line":278,"column":4},"end":{"line":285,"column":7}},"77":{"start":{"line":279,"column":6},"end":{"line":284,"column":8}},"78":{"start":{"line":287,"column":30},"end":{"line":289,"column":9}},"79":{"start":{"line":291,"column":4},"end":{"line":297,"column":6}},"80":{"start":{"line":301,"column":4},"end":{"line":301,"column":59}},"81":{"start":{"line":301,"column":34},"end":{"line":301,"column":57}},"82":{"start":{"line":305,"column":4},"end":{"line":307,"column":7}},"83":{"start":{"line":306,"column":6},"end":{"line":306,"column":69}},"84":{"start":{"line":306,"column":23},"end":{"line":306,"column":63}},"85":{"start":{"line":120,"column":0},"end":{"line":120,"column":13}}},"fnMap":{"0":{"name":"(anonymous_0)","decl":{"start":{"line":57,"column":2},"end":{"line":57,"column":14}},"loc":{"start":{"line":57,"column":44},"end":{"line":59,"column":3}}},"1":{"name":"(anonymous_1)","decl":{"start":{"line":61,"column":9},"end":{"line":61,"column":14}},"loc":{"start":{"line":61,"column":53},"end":{"line":78,"column":3}}},"2":{"name":"(anonymous_2)","decl":{"start":{"line":80,"column":9},"end":{"line":80,"column":22}},"loc":{"start":{"line":80,"column":22},"end":{"line":82,"column":3}}},"3":{"name":"(anonymous_3)","decl":{"start":{"line":84,"column":9},"end":{"line":84,"column":17}},"loc":{"start":{"line":84,"column":17},"end":{"line":86,"column":3}}},"4":{"name":"(anonymous_4)","decl":{"start":{"line":88,"column":9},"end":{"line":88,"column":24}},"loc":{"start":{"line":88,"column":24},"end":{"line":90,"column":3}}},"5":{"name":"(anonymous_5)","decl":{"start":{"line":92,"column":10},"end":{"line":92,"column":19}},"loc":{"start":{"line":92,"column":19},"end":{"line":99,"column":3}}},"6":{"name":"(anonymous_6)","decl":{"start":{"line":101,"column":10},"end":{"line":101,"column":19}},"loc":{"start":{"line":101,"column":19},"end":{"line":112,"column":3}}},"7":{"name":"(anonymous_7)","decl":{"start":{"line":114,"column":10},"end":{"line":114,"column":21}},"loc":{"start":{"line":114,"column":21},"end":{"line":117,"column":3}}},"8":{"name":"(anonymous_8)","decl":{"start":{"line":120,"column":0},"end":{"line":120,"column":13}},"loc":{"start":{"line":120,"column":0},"end":{"line":309,"column":1}}},"9":{"name":"(anonymous_9)","decl":{"start":{"line":129,"column":9},"end":{"line":129,"column":14}},"loc":{"start":{"line":131,"column":25},"end":{"line":182,"column":3}}},"10":{"name":"(anonymous_10)","decl":{"start":{"line":184,"column":9},"end":{"line":184,"column":29}},"loc":{"start":{"line":186,"column":34},"end":{"line":191,"column":3}}},"11":{"name":"(anonymous_11)","decl":{"start":{"line":193,"column":9},"end":{"line":193,"column":26}},"loc":{"start":{"line":193,"column":46},"end":{"line":195,"column":3}}},"12":{"name":"(anonymous_12)","decl":{"start":{"line":197,"column":9},"end":{"line":197,"column":14}},"loc":{"start":{"line":200,"column":28},"end":{"line":231,"column":3}}},"13":{"name":"(anonymous_13)","decl":{"start":{"line":233,"column":9},"end":{"line":233,"column":25}},"loc":{"start":{"line":233,"column":25},"end":{"line":249,"column":3}}},"14":{"name":"(anonymous_14)","decl":{"start":{"line":236,"column":33},"end":{"line":236,"column":34}},"loc":{"start":{"line":236,"column":46},"end":{"line":243,"column":5}}},"15":{"name":"(anonymous_15)","decl":{"start":{"line":251,"column":9},"end":{"line":251,"column":29}},"loc":{"start":{"line":251,"column":40},"end":{"line":273,"column":3}}},"16":{"name":"(anonymous_16)","decl":{"start":{"line":253,"column":57},"end":{"line":253,"column":58}},"loc":{"start":{"line":253,"column":92},"end":{"line":267,"column":7}}},"17":{"name":"(anonymous_17)","decl":{"start":{"line":275,"column":9},"end":{"line":275,"column":27}},"loc":{"start":{"line":275,"column":27},"end":{"line":298,"column":3}}},"18":{"name":"(anonymous_18)","decl":{"start":{"line":278,"column":33},"end":{"line":278,"column":34}},"loc":{"start":{"line":278,"column":46},"end":{"line":285,"column":5}}},"19":{"name":"(anonymous_19)","decl":{"start":{"line":300,"column":10},"end":{"line":300,"column":15}},"loc":{"start":{"line":300,"column":26},"end":{"line":302,"column":3}}},"20":{"name":"(anonymous_20)","decl":{"start":{"line":301,"column":23},"end":{"line":301,"column":30}},"loc":{"start":{"line":301,"column":34},"end":{"line":301,"column":57}}},"21":{"name":"(anonymous_21)","decl":{"start":{"line":304,"column":10},"end":{"line":304,"column":17}},"loc":{"start":{"line":304,"column":31},"end":{"line":308,"column":3}}},"22":{"name":"(anonymous_22)","decl":{"start":{"line":305,"column":23},"end":{"line":305,"column":24}},"loc":{"start":{"line":305,"column":37},"end":{"line":307,"column":5}}},"23":{"name":"(anonymous_23)","decl":{"start":{"line":306,"column":17},"end":{"line":306,"column":20}},"loc":{"start":{"line":306,"column":23},"end":{"line":306,"column":63}}}},"branchMap":{"0":{"loc":{"start":{"line":62,"column":4},"end":{"line":68,"column":5}},"type":"if","locations":[{"start":{"line":62,"column":4},"end":{"line":68,"column":5}}]},"1":{"loc":{"start":{"line":63,"column":6},"end":{"line":65,"column":7}},"type":"if","locations":[{"start":{"line":63,"column":6},"end":{"line":65,"column":7}}]},"2":{"loc":{"start":{"line":63,"column":24},"end":{"line":63,"column":49}},"type":"binary-expr","locations":[{"start":{"line":63,"column":24},"end":{"line":63,"column":44}},{"start":{"line":63,"column":48},"end":{"line":63,"column":49}}]},"3":{"loc":{"start":{"line":93,"column":4},"end":{"line":96,"column":5}},"type":"if","locations":[{"start":{"line":93,"column":4},"end":{"line":96,"column":5}}]},"4":{"loc":{"start":{"line":105,"column":4},"end":{"line":111,"column":5}},"type":"if","locations":[{"start":{"line":105,"column":4},"end":{"line":111,"column":5}},{"start":{"line":108,"column":11},"end":{"line":111,"column":5}}]},"5":{"loc":{"start":{"line":108,"column":11},"end":{"line":111,"column":5}},"type":"if","locations":[{"start":{"line":108,"column":11},"end":{"line":111,"column":5}}]},"6":{"loc":{"start":{"line":143,"column":8},"end":{"line":146,"column":9}},"type":"if","locations":[{"start":{"line":143,"column":8},"end":{"line":146,"column":9}}]},"7":{"loc":{"start":{"line":158,"column":8},"end":{"line":160,"column":9}},"type":"if","locations":[{"start":{"line":158,"column":8},"end":{"line":160,"column":9}}]},"8":{"loc":{"start":{"line":252,"column":4},"end":{"line":268,"column":5}},"type":"if","locations":[{"start":{"line":252,"column":4},"end":{"line":268,"column":5}}]},"9":{"loc":{"start":{"line":270,"column":4},"end":{"line":272,"column":5}},"type":"if","locations":[{"start":{"line":270,"column":4},"end":{"line":272,"column":5}}]},"10":{"loc":{"start":{"line":287,"column":30},"end":{"line":289,"column":9}},"type":"cond-expr","locations":[{"start":{"line":288,"column":8},"end":{"line":288,"column":80}},{"start":{"line":289,"column":8},"end":{"line":289,"column":9}}]}},"s":{"0":3,"1":3,"2":3,"3":6,"4":3,"5":3,"6":0,"7":3,"8":3,"9":0,"10":0,"11":3,"12":3,"13":3,"14":3,"15":2,"16":0,"17":0,"18":0,"19":0,"20":6,"21":6,"22":6,"23":0,"24":6,"25":1,"26":1,"27":1,"28":1,"29":15,"30":15,"31":3,"32":3,"33":3,"34":7,"35":7,"36":7,"37":2,"38":2,"39":2,"40":2,"41":2,"42":5,"43":5,"44":1,"45":4,"46":4,"47":1,"48":1,"49":1,"50":2,"51":2,"52":2,"53":1,"54":1,"55":1,"56":0,"57":1,"58":1,"59":1,"60":0,"61":1,"62":1,"63":1,"64":1,"65":1,"66":1,"67":1,"68":1,"69":1,"70":1,"71":1,"72":1,"73":1,"74":1,"75":1,"76":1,"77":0,"78":1,"79":1,"80":4,"81":4,"82":1,"83":1,"84":0,"85":1},"f":{"0":3,"1":6,"2":3,"3":3,"4":2,"5":0,"6":6,"7":1,"8":15,"9":3,"10":2,"11":1,"12":1,"13":1,"14":1,"15":1,"16":1,"17":1,"18":0,"19":4,"20":4,"21":1,"22":1,"23":0},"b":{"0":[3],"1":[3],"2":[3,0],"3":[0],"4":[0,6],"5":[1],"6":[2],"7":[1],"8":[1],"9":[1],"10":[1,0]}},"/opt/1020-Event-on-land-tool/src/errors/UserMessageGenerator.ts":{"path":"/opt/1020-Event-on-land-tool/src/errors/UserMessageGenerator.ts","statementMap":{"0":{"start":{"line":9,"column":4},"end":{"line":22,"column":5}},"1":{"start":{"line":11,"column":8},"end":{"line":11,"column":57}},"2":{"start":{"line":13,"column":8},"end":{"line":13,"column":60}},"3":{"start":{"line":15,"column":8},"end":{"line":15,"column":63}},"4":{"start":{"line":17,"column":8},"end":{"line":17,"column":62}},"5":{"start":{"line":19,"column":8},"end":{"line":19,"column":56}},"6":{"start":{"line":21,"column":8},"end":{"line":21,"column":60}},"7":{"start":{"line":26,"column":24},"end":{"line":26,"column":47}},"8":{"start":{"line":28,"column":4},"end":{"line":65,"column":5}},"9":{"start":{"line":30,"column":8},"end":{"line":34,"column":10}},"10":{"start":{"line":37,"column":8},"end":{"line":41,"column":10}},"11":{"start":{"line":44,"column":8},"end":{"line":46,"column":9}},"12":{"start":{"line":45,"column":10},"end":{"line":45,"column":81}},"13":{"start":{"line":47,"column":8},"end":{"line":51,"column":10}},"14":{"start":{"line":54,"column":8},"end":{"line":56,"column":9}},"15":{"start":{"line":55,"column":10},"end":{"line":55,"column":106}},"16":{"start":{"line":57,"column":8},"end":{"line":57,"column":97}},"17":{"start":{"line":60,"column":8},"end":{"line":64,"column":10}},"18":{"start":{"line":69,"column":4},"end":{"line":103,"column":5}},"19":{"start":{"line":71,"column":8},"end":{"line":75,"column":10}},"20":{"start":{"line":78,"column":8},"end":{"line":80,"column":9}},"21":{"start":{"line":79,"column":10},"end":{"line":79,"column":110}},"22":{"start":{"line":81,"column":8},"end":{"line":85,"column":10}},"23":{"start":{"line":88,"column":8},"end":{"line":90,"column":9}},"24":{"start":{"line":89,"column":10},"end":{"line":89,"column":88}},"25":{"start":{"line":91,"column":8},"end":{"line":95,"column":10}},"26":{"start":{"line":98,"column":8},"end":{"line":102,"column":10}},"27":{"start":{"line":107,"column":20},"end":{"line":107,"column":33}},"28":{"start":{"line":110,"column":30},"end":{"line":117,"column":20}},"29":{"start":{"line":120,"column":4},"end":{"line":121,"column":54}},"30":{"start":{"line":123,"column":4},"end":{"line":132,"column":5}},"31":{"start":{"line":125,"column":8},"end":{"line":125,"column":77}},"32":{"start":{"line":128,"column":8},"end":{"line":128,"column":80}},"33":{"start":{"line":131,"column":8},"end":{"line":131,"column":80}},"34":{"start":{"line":136,"column":23},"end":{"line":136,"column":53}},"35":{"start":{"line":137,"column":20},"end":{"line":137,"column":46}},"36":{"start":{"line":139,"column":4},"end":{"line":141,"column":5}},"37":{"start":{"line":140,"column":6},"end":{"line":140,"column":110}},"38":{"start":{"line":143,"column":4},"end":{"line":147,"column":6}},"39":{"start":{"line":151,"column":4},"end":{"line":178,"column":5}},"40":{"start":{"line":153,"column":8},"end":{"line":153,"column":86}},"41":{"start":{"line":156,"column":8},"end":{"line":156,"column":92}},"42":{"start":{"line":160,"column":8},"end":{"line":162,"column":9}},"43":{"start":{"line":161,"column":10},"end":{"line":161,"column":106}},"44":{"start":{"line":163,"column":8},"end":{"line":167,"column":10}},"45":{"start":{"line":170,"column":8},"end":{"line":172,"column":9}},"46":{"start":{"line":171,"column":10},"end":{"line":171,"column":103}},"47":{"start":{"line":173,"column":8},"end":{"line":177,"column":10}},"48":{"start":{"line":182,"column":4},"end":{"line":187,"column":5}},"49":{"start":{"line":183,"column":6},"end":{"line":185,"column":7}},"50":{"start":{"line":184,"column":8},"end":{"line":184,"column":80}},"51":{"start":{"line":186,"column":6},"end":{"line":186,"column":83}},"52":{"start":{"line":189,"column":4},"end":{"line":191,"column":5}},"53":{"start":{"line":190,"column":6},"end":{"line":190,"column":61}},"54":{"start":{"line":193,"column":4},"end":{"line":197,"column":6}},"55":{"start":{"line":205,"column":4},"end":{"line":207,"column":5}},"56":{"start":{"line":206,"column":6},"end":{"line":206,"column":42}},"57":{"start":{"line":210,"column":4},"end":{"line":210,"column":39}},"58":{"start":{"line":7,"column":0},"end":{"line":7,"column":13}}},"fnMap":{"0":{"name":"(anonymous_0)","decl":{"start":{"line":8,"column":9},"end":{"line":8,"column":28}},"loc":{"start":{"line":8,"column":79},"end":{"line":23,"column":3}}},"1":{"name":"(anonymous_1)","decl":{"start":{"line":25,"column":10},"end":{"line":25,"column":29}},"loc":{"start":{"line":25,"column":67},"end":{"line":66,"column":3}}},"2":{"name":"(anonymous_2)","decl":{"start":{"line":68,"column":10},"end":{"line":68,"column":32}},"loc":{"start":{"line":68,"column":70},"end":{"line":104,"column":3}}},"3":{"name":"(anonymous_3)","decl":{"start":{"line":106,"column":10},"end":{"line":106,"column":35}},"loc":{"start":{"line":106,"column":73},"end":{"line":133,"column":3}}},"4":{"name":"(anonymous_4)","decl":{"start":{"line":135,"column":10},"end":{"line":135,"column":34}},"loc":{"start":{"line":135,"column":72},"end":{"line":148,"column":3}}},"5":{"name":"(anonymous_5)","decl":{"start":{"line":150,"column":10},"end":{"line":150,"column":28}},"loc":{"start":{"line":150,"column":66},"end":{"line":179,"column":3}}},"6":{"name":"(anonymous_6)","decl":{"start":{"line":181,"column":10},"end":{"line":181,"column":32}},"loc":{"start":{"line":181,"column":70},"end":{"line":198,"column":3}}},"7":{"name":"(anonymous_7)","decl":{"start":{"line":200,"column":10},"end":{"line":200,"column":31}},"loc":{"start":{"line":203,"column":22},"end":{"line":211,"column":3}}}},"branchMap":{"0":{"loc":{"start":{"line":8,"column":48},"end":{"line":8,"column":79}},"type":"default-arg","locations":[{"start":{"line":8,"column":69},"end":{"line":8,"column":79}}]},"1":{"loc":{"start":{"line":9,"column":4},"end":{"line":22,"column":5}},"type":"switch","locations":[{"start":{"line":10,"column":6},"end":{"line":11,"column":57}},{"start":{"line":12,"column":6},"end":{"line":13,"column":60}},{"start":{"line":14,"column":6},"end":{"line":15,"column":63}},{"start":{"line":16,"column":6},"end":{"line":17,"column":62}},{"start":{"line":18,"column":6},"end":{"line":19,"column":56}},{"start":{"line":20,"column":6},"end":{"line":21,"column":60}}]},"2":{"loc":{"start":{"line":28,"column":4},"end":{"line":65,"column":5}},"type":"switch","locations":[{"start":{"line":29,"column":6},"end":{"line":34,"column":10}},{"start":{"line":36,"column":6},"end":{"line":41,"column":10}},{"start":{"line":43,"column":6},"end":{"line":51,"column":10}},{"start":{"line":53,"column":6},"end":{"line":57,"column":97}},{"start":{"line":59,"column":6},"end":{"line":64,"column":10}}]},"3":{"loc":{"start":{"line":44,"column":8},"end":{"line":46,"column":9}},"type":"if","locations":[{"start":{"line":44,"column":8},"end":{"line":46,"column":9}}]},"4":{"loc":{"start":{"line":54,"column":8},"end":{"line":56,"column":9}},"type":"if","locations":[{"start":{"line":54,"column":8},"end":{"line":56,"column":9}}]},"5":{"loc":{"start":{"line":69,"column":4},"end":{"line":103,"column":5}},"type":"switch","locations":[{"start":{"line":70,"column":6},"end":{"line":75,"column":10}},{"start":{"line":77,"column":6},"end":{"line":85,"column":10}},{"start":{"line":87,"column":6},"end":{"line":95,"column":10}},{"start":{"line":97,"column":6},"end":{"line":102,"column":10}}]},"6":{"loc":{"start":{"line":78,"column":8},"end":{"line":80,"column":9}},"type":"if","locations":[{"start":{"line":78,"column":8},"end":{"line":80,"column":9}}]},"7":{"loc":{"start":{"line":78,"column":12},"end":{"line":78,"column":60}},"type":"binary-expr","locations":[{"start":{"line":78,"column":12},"end":{"line":78,"column":32}},{"start":{"line":78,"column":36},"end":{"line":78,"column":60}}]},"8":{"loc":{"start":{"line":88,"column":8},"end":{"line":90,"column":9}},"type":"if","locations":[{"start":{"line":88,"column":8},"end":{"line":90,"column":9}}]},"9":{"loc":{"start":{"line":123,"column":4},"end":{"line":132,"column":5}},"type":"switch","locations":[{"start":{"line":124,"column":6},"end":{"line":125,"column":77}},{"start":{"line":127,"column":6},"end":{"line":128,"column":80}},{"start":{"line":130,"column":6},"end":{"line":131,"column":80}}]},"10":{"loc":{"start":{"line":136,"column":23},"end":{"line":136,"column":53}},"type":"binary-expr","locations":[{"start":{"line":136,"column":23},"end":{"line":136,"column":47}},{"start":{"line":136,"column":51},"end":{"line":136,"column":53}}]},"11":{"loc":{"start":{"line":139,"column":4},"end":{"line":141,"column":5}},"type":"if","locations":[{"start":{"line":139,"column":4},"end":{"line":141,"column":5}}]},"12":{"loc":{"start":{"line":145,"column":38},"end":{"line":145,"column":60}},"type":"cond-expr","locations":[{"start":{"line":145,"column":52},"end":{"line":145,"column":55}},{"start":{"line":145,"column":58},"end":{"line":145,"column":60}}]},"13":{"loc":{"start":{"line":151,"column":4},"end":{"line":178,"column":5}},"type":"switch","locations":[{"start":{"line":152,"column":6},"end":{"line":153,"column":86}},{"start":{"line":155,"column":6},"end":{"line":156,"column":92}},{"start":{"line":158,"column":6},"end":{"line":158,"column":37}},{"start":{"line":159,"column":6},"end":{"line":167,"column":10}},{"start":{"line":169,"column":6},"end":{"line":177,"column":10}}]},"14":{"loc":{"start":{"line":160,"column":8},"end":{"line":162,"column":9}},"type":"if","locations":[{"start":{"line":160,"column":8},"end":{"line":162,"column":9}}]},"15":{"loc":{"start":{"line":170,"column":8},"end":{"line":172,"column":9}},"type":"if","locations":[{"start":{"line":170,"column":8},"end":{"line":172,"column":9}}]},"16":{"loc":{"start":{"line":170,"column":12},"end":{"line":170,"column":60}},"type":"binary-expr","locations":[{"start":{"line":170,"column":12},"end":{"line":170,"column":32}},{"start":{"line":170,"column":36},"end":{"line":170,"column":60}}]},"17":{"loc":{"start":{"line":171,"column":63},"end":{"line":171,"column":100}},"type":"binary-expr","locations":[{"start":{"line":171,"column":63},"end":{"line":171,"column":87}},{"start":{"line":171,"column":91},"end":{"line":171,"column":100}}]},"18":{"loc":{"start":{"line":182,"column":4},"end":{"line":187,"column":5}},"type":"if","locations":[{"start":{"line":182,"column":4},"end":{"line":187,"column":5}}]},"19":{"loc":{"start":{"line":183,"column":6},"end":{"line":185,"column":7}},"type":"if","locations":[{"start":{"line":183,"column":6},"end":{"line":185,"column":7}}]},"20":{"loc":{"start":{"line":189,"column":4},"end":{"line":191,"column":5}},"type":"if","locations":[{"start":{"line":189,"column":4},"end":{"line":191,"column":5}}]},"21":{"loc":{"start":{"line":189,"column":8},"end":{"line":189,"column":56}},"type":"binary-expr","locations":[{"start":{"line":189,"column":8},"end":{"line":189,"column":28}},{"start":{"line":189,"column":32},"end":{"line":189,"column":56}}]},"22":{"loc":{"start":{"line":205,"column":4},"end":{"line":207,"column":5}},"type":"if","locations":[{"start":{"line":205,"column":4},"end":{"line":207,"column":5}}]}},"s":{"0":19,"1":6,"2":5,"3":2,"4":2,"5":2,"6":2,"7":6,"8":6,"9":1,"10":1,"11":3,"12":1,"13":2,"14":0,"15":0,"16":0,"17":1,"18":5,"19":2,"20":1,"21":0,"22":1,"23":0,"24":0,"25":0,"26":2,"27":2,"28":2,"29":2,"30":2,"31":1,"32":0,"33":1,"34":2,"35":2,"36":2,"37":0,"38":2,"39":2,"40":0,"41":0,"42":1,"43":0,"44":1,"45":1,"46":0,"47":1,"48":2,"49":2,"50":2,"51":0,"52":0,"53":0,"54":0,"55":14,"56":13,"57":1,"58":1},"f":{"0":19,"1":6,"2":5,"3":2,"4":2,"5":2,"6":2,"7":14},"b":{"0":[16],"1":[6,5,2,2,2,2],"2":[1,1,3,0,1],"3":[1],"4":[0],"5":[2,1,0,2],"6":[0],"7":[1,1],"8":[0],"9":[1,0,1],"10":[2,1],"11":[0],"12":[0,2],"13":[0,0,0,1,1],"14":[0],"15":[0],"16":[1,1],"17":[0,0],"18":[2],"19":[2],"20":[0],"21":[0,0],"22":[13]}}}}
